The system is: Linux - 5.10.0-20-amd64 - x86_64
Compiling the C compiler identification source file "CMakeCCompilerId.c" succeeded.
Compiler: /scratch/users/guermond/intel/oneapi/compiler/2021.2.0/linux/bin/clang 
Build flags: 
Id flags:  

The output was:
0


Compilation of the C compiler identification source "CMakeCCompilerId.c" produced "a.out"

The C compiler identification is Clang, found in "/home/guermond/SFEMaNS/SMALL_SFEMaNS/BUILD/CMakeFiles/3.18.4/CompilerIdC/a.out"

Compiling the CXX compiler identification source file "CMakeCXXCompilerId.cpp" succeeded.
Compiler: /scratch/users/guermond/intel/oneapi/compiler/2021.2.0/linux/bin/clang++ 
Build flags: 
Id flags:  

The output was:
0


Compilation of the CXX compiler identification source "CMakeCXXCompilerId.cpp" produced "a.out"

The CXX compiler identification is Clang, found in "/home/guermond/SFEMaNS/SMALL_SFEMaNS/BUILD/CMakeFiles/3.18.4/CompilerIdCXX/a.out"

Detecting C compiler ABI info compiled with the following output:
Change Dir: /home/guermond/SFEMaNS/SMALL_SFEMaNS/BUILD/CMakeFiles/CMakeTmp

Run Build Command(s):/usr/bin/gmake cmTC_f8796/fast && /usr/bin/gmake  -f CMakeFiles/cmTC_f8796.dir/build.make CMakeFiles/cmTC_f8796.dir/build
gmake[1]: Entering directory '/home/guermond/SFEMaNS/SMALL_SFEMaNS/BUILD/CMakeFiles/CMakeTmp'
Building C object CMakeFiles/cmTC_f8796.dir/CMakeCCompilerABI.c.o
/scratch/users/guermond/intel/oneapi/compiler/2021.2.0/linux/bin/clang   -v -o CMakeFiles/cmTC_f8796.dir/CMakeCCompilerABI.c.o -c /usr/share/cmake-3.18/Modules/CMakeCCompilerABI.c
Intel(R) oneAPI DPC++ Compiler 2021.2.0 (2021.2.0.20210317)
Target: x86_64-unknown-linux-gnu
Thread model: posix
InstalledDir: /scratch/users/guermond/intel/oneapi/compiler/2021.2.0/linux/bin
Found candidate GCC installation: /usr/lib/gcc/x86_64-linux-gnu/10
Found candidate GCC installation: /usr/lib/gcc/x86_64-linux-gnu/8
Selected GCC installation: /usr/lib/gcc/x86_64-linux-gnu/10
Candidate multilib: .;@m64
Selected multilib: .;@m64
 (in-process)
 "/scratch/users/guermond/intel/oneapi/compiler/2021.2.0/linux/bin/clang" -cc1 -triple x86_64-unknown-linux-gnu -emit-obj -mrelax-all --mrelax-relocations -disable-free -disable-llvm-verifier -discard-value-names -main-file-name CMakeCCompilerABI.c -mrelocation-model static -mframe-pointer=all -fmath-errno -fno-rounding-math -mconstructor-aliases -munwind-tables -target-cpu x86-64 -tune-cpu generic -fno-split-dwarf-inlining -debugger-tuning=gdb -v -resource-dir /scratch/users/guermond/intel/oneapi/compiler/2021.2.0/linux/lib/clang/12.0.0 -I/scratch/users/guermond/intel/oneapi/tbb/2021.2.0/env/../include -I/scratch/users/guermond/intel/oneapi/mkl/latest/include -I/scratch/users/guermond/intel/oneapi/dpl/2021.2.0/linux/include -I/scratch/users/guermond/intel/oneapi/dev-utilities/2021.2.0/include -I/scratch/users/guermond/intel/oneapi/compiler/2021.2.0/linux/include -internal-isystem /usr/local/include -internal-isystem /scratch/users/guermond/intel/oneapi/compiler/2021.2.0/linux/lib/clang/12.0.0/include -internal-externc-isystem /usr/include/x86_64-linux-gnu -internal-externc-isystem /include -internal-externc-isystem /usr/include -fdebug-compilation-dir /home/guermond/SFEMaNS/SMALL_SFEMaNS/BUILD/CMakeFiles/CMakeTmp -ferror-limit 19 -fgnuc-version=4.2.1 -faddrsig -o CMakeFiles/cmTC_f8796.dir/CMakeCCompilerABI.c.o -x c /usr/share/cmake-3.18/Modules/CMakeCCompilerABI.c
clang -cc1 version 12.0.0 based upon LLVM 12.0.0git default target x86_64-unknown-linux-gnu
ignoring nonexistent directory "/include"
#include "..." search starts here:
#include <...> search starts here:
 /scratch/users/guermond/intel/oneapi/tbb/2021.2.0/env/../include
 /scratch/users/guermond/intel/oneapi/mkl/latest/include
 /scratch/users/guermond/intel/oneapi/dpl/2021.2.0/linux/include
 /scratch/users/guermond/intel/oneapi/dev-utilities/2021.2.0/include
 /scratch/users/guermond/intel/oneapi/compiler/2021.2.0/linux/include
 /usr/local/include
 /scratch/users/guermond/intel/oneapi/compiler/2021.2.0/linux/lib/clang/12.0.0/include
 /usr/include/x86_64-linux-gnu
 /usr/include
End of search list.
Linking C executable cmTC_f8796
/usr/bin/cmake -E cmake_link_script CMakeFiles/cmTC_f8796.dir/link.txt --verbose=1
/scratch/users/guermond/intel/oneapi/compiler/2021.2.0/linux/bin/clang  -v -rdynamic CMakeFiles/cmTC_f8796.dir/CMakeCCompilerABI.c.o -o cmTC_f8796 
Intel(R) oneAPI DPC++ Compiler 2021.2.0 (2021.2.0.20210317)
Target: x86_64-unknown-linux-gnu
Thread model: posix
InstalledDir: /scratch/users/guermond/intel/oneapi/compiler/2021.2.0/linux/bin
Found candidate GCC installation: /usr/lib/gcc/x86_64-linux-gnu/10
Found candidate GCC installation: /usr/lib/gcc/x86_64-linux-gnu/8
Selected GCC installation: /usr/lib/gcc/x86_64-linux-gnu/10
Candidate multilib: .;@m64
Selected multilib: .;@m64
 "/usr/bin/ld" -export-dynamic --hash-style=both --eh-frame-hdr -m elf_x86_64 -export-dynamic -dynamic-linker /lib64/ld-linux-x86-64.so.2 -o cmTC_f8796 /usr/lib/gcc/x86_64-linux-gnu/10/../../../x86_64-linux-gnu/crt1.o /usr/lib/gcc/x86_64-linux-gnu/10/../../../x86_64-linux-gnu/crti.o /usr/lib/gcc/x86_64-linux-gnu/10/crtbegin.o -L/usr/lib/gcc/x86_64-linux-gnu/10 -L/usr/lib/gcc/x86_64-linux-gnu/10/../../../x86_64-linux-gnu -L/usr/lib/gcc/x86_64-linux-gnu/10/../../../../lib64 -L/lib/x86_64-linux-gnu -L/lib/../lib64 -L/usr/lib/x86_64-linux-gnu -L/usr/lib/../lib64 -L/usr/lib/x86_64-linux-gnu/../../lib64 -L/usr/lib/gcc/x86_64-linux-gnu/10/../../.. -L/scratch/users/guermond/intel/oneapi/compiler/2021.2.0/linux/bin/../lib -L/lib -L/usr/lib -L/scratch/users/guermond/intel/oneapi/tbb/2021.2.0/env/../lib/intel64/gcc4.8 -L/scratch/users/guermond/intel/oneapi/mkl/latest/lib/intel64 -L/scratch/users/guermond/intel/oneapi/compiler/2021.2.0/linux/compiler/lib/intel64_lin -L/scratch/users/guermond/intel/oneapi/compiler/2021.2.0/linux/lib CMakeFiles/cmTC_f8796.dir/CMakeCCompilerABI.c.o -lgcc --as-needed -lgcc_s --no-as-needed -lgcc --as-needed -lgcc_s --no-as-needed -lc -lgcc --as-needed -lgcc_s --no-as-needed /usr/lib/gcc/x86_64-linux-gnu/10/crtend.o /usr/lib/gcc/x86_64-linux-gnu/10/../../../x86_64-linux-gnu/crtn.o
gmake[1]: Leaving directory '/home/guermond/SFEMaNS/SMALL_SFEMaNS/BUILD/CMakeFiles/CMakeTmp'



Parsed C implicit include dir info from above output: rv=done
  found start of include info
  found start of implicit include info
    add: [/scratch/users/guermond/intel/oneapi/tbb/2021.2.0/env/../include]
    add: [/scratch/users/guermond/intel/oneapi/mkl/latest/include]
    add: [/scratch/users/guermond/intel/oneapi/dpl/2021.2.0/linux/include]
    add: [/scratch/users/guermond/intel/oneapi/dev-utilities/2021.2.0/include]
    add: [/scratch/users/guermond/intel/oneapi/compiler/2021.2.0/linux/include]
    add: [/usr/local/include]
    add: [/scratch/users/guermond/intel/oneapi/compiler/2021.2.0/linux/lib/clang/12.0.0/include]
    add: [/usr/include/x86_64-linux-gnu]
    add: [/usr/include]
  end of search list found
  collapse include dir [/scratch/users/guermond/intel/oneapi/tbb/2021.2.0/env/../include] ==> [/scratch/users/guermond/intel/oneapi/tbb/2021.2.0/include]
  collapse include dir [/scratch/users/guermond/intel/oneapi/mkl/latest/include] ==> [/scratch/users/guermond/intel/oneapi/mkl/latest/include]
  collapse include dir [/scratch/users/guermond/intel/oneapi/dpl/2021.2.0/linux/include] ==> [/scratch/users/guermond/intel/oneapi/dpl/2021.2.0/linux/include]
  collapse include dir [/scratch/users/guermond/intel/oneapi/dev-utilities/2021.2.0/include] ==> [/scratch/users/guermond/intel/oneapi/dev-utilities/2021.2.0/include]
  collapse include dir [/scratch/users/guermond/intel/oneapi/compiler/2021.2.0/linux/include] ==> [/scratch/users/guermond/intel/oneapi/compiler/2021.2.0/linux/include]
  collapse include dir [/usr/local/include] ==> [/usr/local/include]
  collapse include dir [/scratch/users/guermond/intel/oneapi/compiler/2021.2.0/linux/lib/clang/12.0.0/include] ==> [/scratch/users/guermond/intel/oneapi/compiler/2021.2.0/linux/lib/clang/12.0.0/include]
  collapse include dir [/usr/include/x86_64-linux-gnu] ==> [/usr/include/x86_64-linux-gnu]
  collapse include dir [/usr/include] ==> [/usr/include]
  implicit include dirs: [/scratch/users/guermond/intel/oneapi/tbb/2021.2.0/include;/scratch/users/guermond/intel/oneapi/mkl/latest/include;/scratch/users/guermond/intel/oneapi/dpl/2021.2.0/linux/include;/scratch/users/guermond/intel/oneapi/dev-utilities/2021.2.0/include;/scratch/users/guermond/intel/oneapi/compiler/2021.2.0/linux/include;/usr/local/include;/scratch/users/guermond/intel/oneapi/compiler/2021.2.0/linux/lib/clang/12.0.0/include;/usr/include/x86_64-linux-gnu;/usr/include]


Parsed C implicit link information from above output:
  link line regex: [^( *|.*[/\])(ld|CMAKE_LINK_STARTFILE-NOTFOUND|([^/\]+-)?ld|collect2)[^/\]*( |$)]
  ignore line: [Change Dir: /home/guermond/SFEMaNS/SMALL_SFEMaNS/BUILD/CMakeFiles/CMakeTmp]
  ignore line: []
  ignore line: [Run Build Command(s):/usr/bin/gmake cmTC_f8796/fast && /usr/bin/gmake  -f CMakeFiles/cmTC_f8796.dir/build.make CMakeFiles/cmTC_f8796.dir/build]
  ignore line: [gmake[1]: Entering directory '/home/guermond/SFEMaNS/SMALL_SFEMaNS/BUILD/CMakeFiles/CMakeTmp']
  ignore line: [Building C object CMakeFiles/cmTC_f8796.dir/CMakeCCompilerABI.c.o]
  ignore line: [/scratch/users/guermond/intel/oneapi/compiler/2021.2.0/linux/bin/clang   -v -o CMakeFiles/cmTC_f8796.dir/CMakeCCompilerABI.c.o -c /usr/share/cmake-3.18/Modules/CMakeCCompilerABI.c]
  ignore line: [Intel(R) oneAPI DPC++ Compiler 2021.2.0 (2021.2.0.20210317)]
  ignore line: [Target: x86_64-unknown-linux-gnu]
  ignore line: [Thread model: posix]
  ignore line: [InstalledDir: /scratch/users/guermond/intel/oneapi/compiler/2021.2.0/linux/bin]
  ignore line: [Found candidate GCC installation: /usr/lib/gcc/x86_64-linux-gnu/10]
  ignore line: [Found candidate GCC installation: /usr/lib/gcc/x86_64-linux-gnu/8]
  ignore line: [Selected GCC installation: /usr/lib/gcc/x86_64-linux-gnu/10]
  ignore line: [Candidate multilib: .]
  ignore line: [@m64]
  ignore line: [Selected multilib: .]
  ignore line: [@m64]
  ignore line: [ (in-process)]
  ignore line: [ "/scratch/users/guermond/intel/oneapi/compiler/2021.2.0/linux/bin/clang" -cc1 -triple x86_64-unknown-linux-gnu -emit-obj -mrelax-all --mrelax-relocations -disable-free -disable-llvm-verifier -discard-value-names -main-file-name CMakeCCompilerABI.c -mrelocation-model static -mframe-pointer=all -fmath-errno -fno-rounding-math -mconstructor-aliases -munwind-tables -target-cpu x86-64 -tune-cpu generic -fno-split-dwarf-inlining -debugger-tuning=gdb -v -resource-dir /scratch/users/guermond/intel/oneapi/compiler/2021.2.0/linux/lib/clang/12.0.0 -I/scratch/users/guermond/intel/oneapi/tbb/2021.2.0/env/../include -I/scratch/users/guermond/intel/oneapi/mkl/latest/include -I/scratch/users/guermond/intel/oneapi/dpl/2021.2.0/linux/include -I/scratch/users/guermond/intel/oneapi/dev-utilities/2021.2.0/include -I/scratch/users/guermond/intel/oneapi/compiler/2021.2.0/linux/include -internal-isystem /usr/local/include -internal-isystem /scratch/users/guermond/intel/oneapi/compiler/2021.2.0/linux/lib/clang/12.0.0/include -internal-externc-isystem /usr/include/x86_64-linux-gnu -internal-externc-isystem /include -internal-externc-isystem /usr/include -fdebug-compilation-dir /home/guermond/SFEMaNS/SMALL_SFEMaNS/BUILD/CMakeFiles/CMakeTmp -ferror-limit 19 -fgnuc-version=4.2.1 -faddrsig -o CMakeFiles/cmTC_f8796.dir/CMakeCCompilerABI.c.o -x c /usr/share/cmake-3.18/Modules/CMakeCCompilerABI.c]
  ignore line: [clang -cc1 version 12.0.0 based upon LLVM 12.0.0git default target x86_64-unknown-linux-gnu]
  ignore line: [ignoring nonexistent directory "/include"]
  ignore line: [#include "..." search starts here:]
  ignore line: [#include <...> search starts here:]
  ignore line: [ /scratch/users/guermond/intel/oneapi/tbb/2021.2.0/env/../include]
  ignore line: [ /scratch/users/guermond/intel/oneapi/mkl/latest/include]
  ignore line: [ /scratch/users/guermond/intel/oneapi/dpl/2021.2.0/linux/include]
  ignore line: [ /scratch/users/guermond/intel/oneapi/dev-utilities/2021.2.0/include]
  ignore line: [ /scratch/users/guermond/intel/oneapi/compiler/2021.2.0/linux/include]
  ignore line: [ /usr/local/include]
  ignore line: [ /scratch/users/guermond/intel/oneapi/compiler/2021.2.0/linux/lib/clang/12.0.0/include]
  ignore line: [ /usr/include/x86_64-linux-gnu]
  ignore line: [ /usr/include]
  ignore line: [End of search list.]
  ignore line: [Linking C executable cmTC_f8796]
  ignore line: [/usr/bin/cmake -E cmake_link_script CMakeFiles/cmTC_f8796.dir/link.txt --verbose=1]
  ignore line: [/scratch/users/guermond/intel/oneapi/compiler/2021.2.0/linux/bin/clang  -v -rdynamic CMakeFiles/cmTC_f8796.dir/CMakeCCompilerABI.c.o -o cmTC_f8796 ]
  ignore line: [Intel(R) oneAPI DPC++ Compiler 2021.2.0 (2021.2.0.20210317)]
  ignore line: [Target: x86_64-unknown-linux-gnu]
  ignore line: [Thread model: posix]
  ignore line: [InstalledDir: /scratch/users/guermond/intel/oneapi/compiler/2021.2.0/linux/bin]
  ignore line: [Found candidate GCC installation: /usr/lib/gcc/x86_64-linux-gnu/10]
  ignore line: [Found candidate GCC installation: /usr/lib/gcc/x86_64-linux-gnu/8]
  ignore line: [Selected GCC installation: /usr/lib/gcc/x86_64-linux-gnu/10]
  ignore line: [Candidate multilib: .]
  ignore line: [@m64]
  ignore line: [Selected multilib: .]
  ignore line: [@m64]
  link line: [ "/usr/bin/ld" -export-dynamic --hash-style=both --eh-frame-hdr -m elf_x86_64 -export-dynamic -dynamic-linker /lib64/ld-linux-x86-64.so.2 -o cmTC_f8796 /usr/lib/gcc/x86_64-linux-gnu/10/../../../x86_64-linux-gnu/crt1.o /usr/lib/gcc/x86_64-linux-gnu/10/../../../x86_64-linux-gnu/crti.o /usr/lib/gcc/x86_64-linux-gnu/10/crtbegin.o -L/usr/lib/gcc/x86_64-linux-gnu/10 -L/usr/lib/gcc/x86_64-linux-gnu/10/../../../x86_64-linux-gnu -L/usr/lib/gcc/x86_64-linux-gnu/10/../../../../lib64 -L/lib/x86_64-linux-gnu -L/lib/../lib64 -L/usr/lib/x86_64-linux-gnu -L/usr/lib/../lib64 -L/usr/lib/x86_64-linux-gnu/../../lib64 -L/usr/lib/gcc/x86_64-linux-gnu/10/../../.. -L/scratch/users/guermond/intel/oneapi/compiler/2021.2.0/linux/bin/../lib -L/lib -L/usr/lib -L/scratch/users/guermond/intel/oneapi/tbb/2021.2.0/env/../lib/intel64/gcc4.8 -L/scratch/users/guermond/intel/oneapi/mkl/latest/lib/intel64 -L/scratch/users/guermond/intel/oneapi/compiler/2021.2.0/linux/compiler/lib/intel64_lin -L/scratch/users/guermond/intel/oneapi/compiler/2021.2.0/linux/lib CMakeFiles/cmTC_f8796.dir/CMakeCCompilerABI.c.o -lgcc --as-needed -lgcc_s --no-as-needed -lgcc --as-needed -lgcc_s --no-as-needed -lc -lgcc --as-needed -lgcc_s --no-as-needed /usr/lib/gcc/x86_64-linux-gnu/10/crtend.o /usr/lib/gcc/x86_64-linux-gnu/10/../../../x86_64-linux-gnu/crtn.o]
    arg [/usr/bin/ld] ==> ignore
    arg [-export-dynamic] ==> ignore
    arg [--hash-style=both] ==> ignore
    arg [--eh-frame-hdr] ==> ignore
    arg [-m] ==> ignore
    arg [elf_x86_64] ==> ignore
    arg [-export-dynamic] ==> ignore
    arg [-dynamic-linker] ==> ignore
    arg [/lib64/ld-linux-x86-64.so.2] ==> ignore
    arg [-o] ==> ignore
    arg [cmTC_f8796] ==> ignore
    arg [/usr/lib/gcc/x86_64-linux-gnu/10/../../../x86_64-linux-gnu/crt1.o] ==> ignore
    arg [/usr/lib/gcc/x86_64-linux-gnu/10/../../../x86_64-linux-gnu/crti.o] ==> ignore
    arg [/usr/lib/gcc/x86_64-linux-gnu/10/crtbegin.o] ==> ignore
    arg [-L/usr/lib/gcc/x86_64-linux-gnu/10] ==> dir [/usr/lib/gcc/x86_64-linux-gnu/10]
    arg [-L/usr/lib/gcc/x86_64-linux-gnu/10/../../../x86_64-linux-gnu] ==> dir [/usr/lib/gcc/x86_64-linux-gnu/10/../../../x86_64-linux-gnu]
    arg [-L/usr/lib/gcc/x86_64-linux-gnu/10/../../../../lib64] ==> dir [/usr/lib/gcc/x86_64-linux-gnu/10/../../../../lib64]
    arg [-L/lib/x86_64-linux-gnu] ==> dir [/lib/x86_64-linux-gnu]
    arg [-L/lib/../lib64] ==> dir [/lib/../lib64]
    arg [-L/usr/lib/x86_64-linux-gnu] ==> dir [/usr/lib/x86_64-linux-gnu]
    arg [-L/usr/lib/../lib64] ==> dir [/usr/lib/../lib64]
    arg [-L/usr/lib/x86_64-linux-gnu/../../lib64] ==> dir [/usr/lib/x86_64-linux-gnu/../../lib64]
    arg [-L/usr/lib/gcc/x86_64-linux-gnu/10/../../..] ==> dir [/usr/lib/gcc/x86_64-linux-gnu/10/../../..]
    arg [-L/scratch/users/guermond/intel/oneapi/compiler/2021.2.0/linux/bin/../lib] ==> dir [/scratch/users/guermond/intel/oneapi/compiler/2021.2.0/linux/bin/../lib]
    arg [-L/lib] ==> dir [/lib]
    arg [-L/usr/lib] ==> dir [/usr/lib]
    arg [-L/scratch/users/guermond/intel/oneapi/tbb/2021.2.0/env/../lib/intel64/gcc4.8] ==> dir [/scratch/users/guermond/intel/oneapi/tbb/2021.2.0/env/../lib/intel64/gcc4.8]
    arg [-L/scratch/users/guermond/intel/oneapi/mkl/latest/lib/intel64] ==> dir [/scratch/users/guermond/intel/oneapi/mkl/latest/lib/intel64]
    arg [-L/scratch/users/guermond/intel/oneapi/compiler/2021.2.0/linux/compiler/lib/intel64_lin] ==> dir [/scratch/users/guermond/intel/oneapi/compiler/2021.2.0/linux/compiler/lib/intel64_lin]
    arg [-L/scratch/users/guermond/intel/oneapi/compiler/2021.2.0/linux/lib] ==> dir [/scratch/users/guermond/intel/oneapi/compiler/2021.2.0/linux/lib]
    arg [CMakeFiles/cmTC_f8796.dir/CMakeCCompilerABI.c.o] ==> ignore
    arg [-lgcc] ==> lib [gcc]
    arg [--as-needed] ==> ignore
    arg [-lgcc_s] ==> lib [gcc_s]
    arg [--no-as-needed] ==> ignore
    arg [-lgcc] ==> lib [gcc]
    arg [--as-needed] ==> ignore
    arg [-lgcc_s] ==> lib [gcc_s]
    arg [--no-as-needed] ==> ignore
    arg [-lc] ==> lib [c]
    arg [-lgcc] ==> lib [gcc]
    arg [--as-needed] ==> ignore
    arg [-lgcc_s] ==> lib [gcc_s]
    arg [--no-as-needed] ==> ignore
    arg [/usr/lib/gcc/x86_64-linux-gnu/10/crtend.o] ==> ignore
    arg [/usr/lib/gcc/x86_64-linux-gnu/10/../../../x86_64-linux-gnu/crtn.o] ==> ignore
  collapse library dir [/usr/lib/gcc/x86_64-linux-gnu/10] ==> [/usr/lib/gcc/x86_64-linux-gnu/10]
  collapse library dir [/usr/lib/gcc/x86_64-linux-gnu/10/../../../x86_64-linux-gnu] ==> [/usr/lib/x86_64-linux-gnu]
  collapse library dir [/usr/lib/gcc/x86_64-linux-gnu/10/../../../../lib64] ==> [/usr/lib64]
  collapse library dir [/lib/x86_64-linux-gnu] ==> [/lib/x86_64-linux-gnu]
  collapse library dir [/lib/../lib64] ==> [/lib64]
  collapse library dir [/usr/lib/x86_64-linux-gnu] ==> [/usr/lib/x86_64-linux-gnu]
  collapse library dir [/usr/lib/../lib64] ==> [/usr/lib64]
  collapse library dir [/usr/lib/x86_64-linux-gnu/../../lib64] ==> [/usr/lib64]
  collapse library dir [/usr/lib/gcc/x86_64-linux-gnu/10/../../..] ==> [/usr/lib]
  collapse library dir [/scratch/users/guermond/intel/oneapi/compiler/2021.2.0/linux/bin/../lib] ==> [/scratch/users/guermond/intel/oneapi/compiler/2021.2.0/linux/lib]
  collapse library dir [/lib] ==> [/lib]
  collapse library dir [/usr/lib] ==> [/usr/lib]
  collapse library dir [/scratch/users/guermond/intel/oneapi/tbb/2021.2.0/env/../lib/intel64/gcc4.8] ==> [/scratch/users/guermond/intel/oneapi/tbb/2021.2.0/lib/intel64/gcc4.8]
  collapse library dir [/scratch/users/guermond/intel/oneapi/mkl/latest/lib/intel64] ==> [/scratch/users/guermond/intel/oneapi/mkl/latest/lib/intel64]
  collapse library dir [/scratch/users/guermond/intel/oneapi/compiler/2021.2.0/linux/compiler/lib/intel64_lin] ==> [/scratch/users/guermond/intel/oneapi/compiler/2021.2.0/linux/compiler/lib/intel64_lin]
  collapse library dir [/scratch/users/guermond/intel/oneapi/compiler/2021.2.0/linux/lib] ==> [/scratch/users/guermond/intel/oneapi/compiler/2021.2.0/linux/lib]
  implicit libs: [gcc;gcc_s;gcc;gcc_s;c;gcc;gcc_s]
  implicit dirs: [/usr/lib/gcc/x86_64-linux-gnu/10;/usr/lib/x86_64-linux-gnu;/usr/lib64;/lib/x86_64-linux-gnu;/lib64;/usr/lib;/scratch/users/guermond/intel/oneapi/compiler/2021.2.0/linux/lib;/lib;/scratch/users/guermond/intel/oneapi/tbb/2021.2.0/lib/intel64/gcc4.8;/scratch/users/guermond/intel/oneapi/mkl/latest/lib/intel64;/scratch/users/guermond/intel/oneapi/compiler/2021.2.0/linux/compiler/lib/intel64_lin]
  implicit fwks: []


Detecting CXX compiler ABI info compiled with the following output:
Change Dir: /home/guermond/SFEMaNS/SMALL_SFEMaNS/BUILD/CMakeFiles/CMakeTmp

Run Build Command(s):/usr/bin/gmake cmTC_97db4/fast && /usr/bin/gmake  -f CMakeFiles/cmTC_97db4.dir/build.make CMakeFiles/cmTC_97db4.dir/build
gmake[1]: Entering directory '/home/guermond/SFEMaNS/SMALL_SFEMaNS/BUILD/CMakeFiles/CMakeTmp'
Building CXX object CMakeFiles/cmTC_97db4.dir/CMakeCXXCompilerABI.cpp.o
/scratch/users/guermond/intel/oneapi/compiler/2021.2.0/linux/bin/clang++   -v -o CMakeFiles/cmTC_97db4.dir/CMakeCXXCompilerABI.cpp.o -c /usr/share/cmake-3.18/Modules/CMakeCXXCompilerABI.cpp
Intel(R) oneAPI DPC++ Compiler 2021.2.0 (2021.2.0.20210317)
Target: x86_64-unknown-linux-gnu
Thread model: posix
InstalledDir: /scratch/users/guermond/intel/oneapi/compiler/2021.2.0/linux/bin
Found candidate GCC installation: /usr/lib/gcc/x86_64-linux-gnu/10
Found candidate GCC installation: /usr/lib/gcc/x86_64-linux-gnu/8
Selected GCC installation: /usr/lib/gcc/x86_64-linux-gnu/10
Candidate multilib: .;@m64
Selected multilib: .;@m64
 (in-process)
 "/scratch/users/guermond/intel/oneapi/compiler/2021.2.0/linux/bin/clang++" -cc1 -triple x86_64-unknown-linux-gnu -emit-obj -mrelax-all --mrelax-relocations -disable-free -disable-llvm-verifier -discard-value-names -main-file-name CMakeCXXCompilerABI.cpp -mrelocation-model static -mframe-pointer=all -fmath-errno -fno-rounding-math -mconstructor-aliases -munwind-tables -target-cpu x86-64 -tune-cpu generic -fno-split-dwarf-inlining -debugger-tuning=gdb -v -resource-dir /scratch/users/guermond/intel/oneapi/compiler/2021.2.0/linux/lib/clang/12.0.0 -I/scratch/users/guermond/intel/oneapi/tbb/2021.2.0/env/../include -I/scratch/users/guermond/intel/oneapi/mkl/latest/include -I/scratch/users/guermond/intel/oneapi/dpl/2021.2.0/linux/include -I/scratch/users/guermond/intel/oneapi/dev-utilities/2021.2.0/include -I/scratch/users/guermond/intel/oneapi/compiler/2021.2.0/linux/include -internal-isystem /usr/lib/gcc/x86_64-linux-gnu/10/../../../../include/c++/10 -internal-isystem /usr/lib/gcc/x86_64-linux-gnu/10/../../../../include/x86_64-linux-gnu/c++/10 -internal-isystem /usr/lib/gcc/x86_64-linux-gnu/10/../../../../include/x86_64-linux-gnu/c++/10 -internal-isystem /usr/lib/gcc/x86_64-linux-gnu/10/../../../../include/c++/10/backward -internal-isystem /usr/local/include -internal-isystem /scratch/users/guermond/intel/oneapi/compiler/2021.2.0/linux/lib/clang/12.0.0/include -internal-externc-isystem /usr/include/x86_64-linux-gnu -internal-externc-isystem /include -internal-externc-isystem /usr/include -fdeprecated-macro -fdebug-compilation-dir /home/guermond/SFEMaNS/SMALL_SFEMaNS/BUILD/CMakeFiles/CMakeTmp -ferror-limit 19 -fgnuc-version=4.2.1 -fcxx-exceptions -fexceptions -faddrsig -o CMakeFiles/cmTC_97db4.dir/CMakeCXXCompilerABI.cpp.o -x c++ /usr/share/cmake-3.18/Modules/CMakeCXXCompilerABI.cpp
clang -cc1 version 12.0.0 based upon LLVM 12.0.0git default target x86_64-unknown-linux-gnu
ignoring nonexistent directory "/include"
ignoring duplicate directory "/usr/lib/gcc/x86_64-linux-gnu/10/../../../../include/x86_64-linux-gnu/c++/10"
#include "..." search starts here:
#include <...> search starts here:
 /scratch/users/guermond/intel/oneapi/tbb/2021.2.0/env/../include
 /scratch/users/guermond/intel/oneapi/mkl/latest/include
 /scratch/users/guermond/intel/oneapi/dpl/2021.2.0/linux/include
 /scratch/users/guermond/intel/oneapi/dev-utilities/2021.2.0/include
 /scratch/users/guermond/intel/oneapi/compiler/2021.2.0/linux/include
 /usr/lib/gcc/x86_64-linux-gnu/10/../../../../include/c++/10
 /usr/lib/gcc/x86_64-linux-gnu/10/../../../../include/x86_64-linux-gnu/c++/10
 /usr/lib/gcc/x86_64-linux-gnu/10/../../../../include/c++/10/backward
 /usr/local/include
 /scratch/users/guermond/intel/oneapi/compiler/2021.2.0/linux/lib/clang/12.0.0/include
 /usr/include/x86_64-linux-gnu
 /usr/include
End of search list.
Linking CXX executable cmTC_97db4
/usr/bin/cmake -E cmake_link_script CMakeFiles/cmTC_97db4.dir/link.txt --verbose=1
/scratch/users/guermond/intel/oneapi/compiler/2021.2.0/linux/bin/clang++  -v -rdynamic CMakeFiles/cmTC_97db4.dir/CMakeCXXCompilerABI.cpp.o -o cmTC_97db4 
Intel(R) oneAPI DPC++ Compiler 2021.2.0 (2021.2.0.20210317)
Target: x86_64-unknown-linux-gnu
Thread model: posix
InstalledDir: /scratch/users/guermond/intel/oneapi/compiler/2021.2.0/linux/bin
Found candidate GCC installation: /usr/lib/gcc/x86_64-linux-gnu/10
Found candidate GCC installation: /usr/lib/gcc/x86_64-linux-gnu/8
Selected GCC installation: /usr/lib/gcc/x86_64-linux-gnu/10
Candidate multilib: .;@m64
Selected multilib: .;@m64
 "/usr/bin/ld" -export-dynamic --hash-style=both --eh-frame-hdr -m elf_x86_64 -export-dynamic -dynamic-linker /lib64/ld-linux-x86-64.so.2 -o cmTC_97db4 /usr/lib/gcc/x86_64-linux-gnu/10/../../../x86_64-linux-gnu/crt1.o /usr/lib/gcc/x86_64-linux-gnu/10/../../../x86_64-linux-gnu/crti.o /usr/lib/gcc/x86_64-linux-gnu/10/crtbegin.o -L/usr/lib/gcc/x86_64-linux-gnu/10 -L/usr/lib/gcc/x86_64-linux-gnu/10/../../../x86_64-linux-gnu -L/usr/lib/gcc/x86_64-linux-gnu/10/../../../../lib64 -L/lib/x86_64-linux-gnu -L/lib/../lib64 -L/usr/lib/x86_64-linux-gnu -L/usr/lib/../lib64 -L/usr/lib/x86_64-linux-gnu/../../lib64 -L/usr/lib/gcc/x86_64-linux-gnu/10/../../.. -L/scratch/users/guermond/intel/oneapi/compiler/2021.2.0/linux/bin/../lib -L/lib -L/usr/lib -L/scratch/users/guermond/intel/oneapi/tbb/2021.2.0/env/../lib/intel64/gcc4.8 -L/scratch/users/guermond/intel/oneapi/mkl/latest/lib/intel64 -L/scratch/users/guermond/intel/oneapi/compiler/2021.2.0/linux/compiler/lib/intel64_lin -L/scratch/users/guermond/intel/oneapi/compiler/2021.2.0/linux/lib CMakeFiles/cmTC_97db4.dir/CMakeCXXCompilerABI.cpp.o -lstdc++ -lm -lgcc_s -lgcc -lgcc_s -lgcc -lc -lgcc_s -lgcc /usr/lib/gcc/x86_64-linux-gnu/10/crtend.o /usr/lib/gcc/x86_64-linux-gnu/10/../../../x86_64-linux-gnu/crtn.o
gmake[1]: Leaving directory '/home/guermond/SFEMaNS/SMALL_SFEMaNS/BUILD/CMakeFiles/CMakeTmp'



Parsed CXX implicit include dir info from above output: rv=done
  found start of include info
  found start of implicit include info
    add: [/scratch/users/guermond/intel/oneapi/tbb/2021.2.0/env/../include]
    add: [/scratch/users/guermond/intel/oneapi/mkl/latest/include]
    add: [/scratch/users/guermond/intel/oneapi/dpl/2021.2.0/linux/include]
    add: [/scratch/users/guermond/intel/oneapi/dev-utilities/2021.2.0/include]
    add: [/scratch/users/guermond/intel/oneapi/compiler/2021.2.0/linux/include]
    add: [/usr/lib/gcc/x86_64-linux-gnu/10/../../../../include/c++/10]
    add: [/usr/lib/gcc/x86_64-linux-gnu/10/../../../../include/x86_64-linux-gnu/c++/10]
    add: [/usr/lib/gcc/x86_64-linux-gnu/10/../../../../include/c++/10/backward]
    add: [/usr/local/include]
    add: [/scratch/users/guermond/intel/oneapi/compiler/2021.2.0/linux/lib/clang/12.0.0/include]
    add: [/usr/include/x86_64-linux-gnu]
    add: [/usr/include]
  end of search list found
  collapse include dir [/scratch/users/guermond/intel/oneapi/tbb/2021.2.0/env/../include] ==> [/scratch/users/guermond/intel/oneapi/tbb/2021.2.0/include]
  collapse include dir [/scratch/users/guermond/intel/oneapi/mkl/latest/include] ==> [/scratch/users/guermond/intel/oneapi/mkl/latest/include]
  collapse include dir [/scratch/users/guermond/intel/oneapi/dpl/2021.2.0/linux/include] ==> [/scratch/users/guermond/intel/oneapi/dpl/2021.2.0/linux/include]
  collapse include dir [/scratch/users/guermond/intel/oneapi/dev-utilities/2021.2.0/include] ==> [/scratch/users/guermond/intel/oneapi/dev-utilities/2021.2.0/include]
  collapse include dir [/scratch/users/guermond/intel/oneapi/compiler/2021.2.0/linux/include] ==> [/scratch/users/guermond/intel/oneapi/compiler/2021.2.0/linux/include]
  collapse include dir [/usr/lib/gcc/x86_64-linux-gnu/10/../../../../include/c++/10] ==> [/usr/include/c++/10]
  collapse include dir [/usr/lib/gcc/x86_64-linux-gnu/10/../../../../include/x86_64-linux-gnu/c++/10] ==> [/usr/include/x86_64-linux-gnu/c++/10]
  collapse include dir [/usr/lib/gcc/x86_64-linux-gnu/10/../../../../include/c++/10/backward] ==> [/usr/include/c++/10/backward]
  collapse include dir [/usr/local/include] ==> [/usr/local/include]
  collapse include dir [/scratch/users/guermond/intel/oneapi/compiler/2021.2.0/linux/lib/clang/12.0.0/include] ==> [/scratch/users/guermond/intel/oneapi/compiler/2021.2.0/linux/lib/clang/12.0.0/include]
  collapse include dir [/usr/include/x86_64-linux-gnu] ==> [/usr/include/x86_64-linux-gnu]
  collapse include dir [/usr/include] ==> [/usr/include]
  implicit include dirs: [/scratch/users/guermond/intel/oneapi/tbb/2021.2.0/include;/scratch/users/guermond/intel/oneapi/mkl/latest/include;/scratch/users/guermond/intel/oneapi/dpl/2021.2.0/linux/include;/scratch/users/guermond/intel/oneapi/dev-utilities/2021.2.0/include;/scratch/users/guermond/intel/oneapi/compiler/2021.2.0/linux/include;/usr/include/c++/10;/usr/include/x86_64-linux-gnu/c++/10;/usr/include/c++/10/backward;/usr/local/include;/scratch/users/guermond/intel/oneapi/compiler/2021.2.0/linux/lib/clang/12.0.0/include;/usr/include/x86_64-linux-gnu;/usr/include]


Parsed CXX implicit link information from above output:
  link line regex: [^( *|.*[/\])(ld|CMAKE_LINK_STARTFILE-NOTFOUND|([^/\]+-)?ld|collect2)[^/\]*( |$)]
  ignore line: [Change Dir: /home/guermond/SFEMaNS/SMALL_SFEMaNS/BUILD/CMakeFiles/CMakeTmp]
  ignore line: []
  ignore line: [Run Build Command(s):/usr/bin/gmake cmTC_97db4/fast && /usr/bin/gmake  -f CMakeFiles/cmTC_97db4.dir/build.make CMakeFiles/cmTC_97db4.dir/build]
  ignore line: [gmake[1]: Entering directory '/home/guermond/SFEMaNS/SMALL_SFEMaNS/BUILD/CMakeFiles/CMakeTmp']
  ignore line: [Building CXX object CMakeFiles/cmTC_97db4.dir/CMakeCXXCompilerABI.cpp.o]
  ignore line: [/scratch/users/guermond/intel/oneapi/compiler/2021.2.0/linux/bin/clang++   -v -o CMakeFiles/cmTC_97db4.dir/CMakeCXXCompilerABI.cpp.o -c /usr/share/cmake-3.18/Modules/CMakeCXXCompilerABI.cpp]
  ignore line: [Intel(R) oneAPI DPC++ Compiler 2021.2.0 (2021.2.0.20210317)]
  ignore line: [Target: x86_64-unknown-linux-gnu]
  ignore line: [Thread model: posix]
  ignore line: [InstalledDir: /scratch/users/guermond/intel/oneapi/compiler/2021.2.0/linux/bin]
  ignore line: [Found candidate GCC installation: /usr/lib/gcc/x86_64-linux-gnu/10]
  ignore line: [Found candidate GCC installation: /usr/lib/gcc/x86_64-linux-gnu/8]
  ignore line: [Selected GCC installation: /usr/lib/gcc/x86_64-linux-gnu/10]
  ignore line: [Candidate multilib: .]
  ignore line: [@m64]
  ignore line: [Selected multilib: .]
  ignore line: [@m64]
  ignore line: [ (in-process)]
  ignore line: [ "/scratch/users/guermond/intel/oneapi/compiler/2021.2.0/linux/bin/clang++" -cc1 -triple x86_64-unknown-linux-gnu -emit-obj -mrelax-all --mrelax-relocations -disable-free -disable-llvm-verifier -discard-value-names -main-file-name CMakeCXXCompilerABI.cpp -mrelocation-model static -mframe-pointer=all -fmath-errno -fno-rounding-math -mconstructor-aliases -munwind-tables -target-cpu x86-64 -tune-cpu generic -fno-split-dwarf-inlining -debugger-tuning=gdb -v -resource-dir /scratch/users/guermond/intel/oneapi/compiler/2021.2.0/linux/lib/clang/12.0.0 -I/scratch/users/guermond/intel/oneapi/tbb/2021.2.0/env/../include -I/scratch/users/guermond/intel/oneapi/mkl/latest/include -I/scratch/users/guermond/intel/oneapi/dpl/2021.2.0/linux/include -I/scratch/users/guermond/intel/oneapi/dev-utilities/2021.2.0/include -I/scratch/users/guermond/intel/oneapi/compiler/2021.2.0/linux/include -internal-isystem /usr/lib/gcc/x86_64-linux-gnu/10/../../../../include/c++/10 -internal-isystem /usr/lib/gcc/x86_64-linux-gnu/10/../../../../include/x86_64-linux-gnu/c++/10 -internal-isystem /usr/lib/gcc/x86_64-linux-gnu/10/../../../../include/x86_64-linux-gnu/c++/10 -internal-isystem /usr/lib/gcc/x86_64-linux-gnu/10/../../../../include/c++/10/backward -internal-isystem /usr/local/include -internal-isystem /scratch/users/guermond/intel/oneapi/compiler/2021.2.0/linux/lib/clang/12.0.0/include -internal-externc-isystem /usr/include/x86_64-linux-gnu -internal-externc-isystem /include -internal-externc-isystem /usr/include -fdeprecated-macro -fdebug-compilation-dir /home/guermond/SFEMaNS/SMALL_SFEMaNS/BUILD/CMakeFiles/CMakeTmp -ferror-limit 19 -fgnuc-version=4.2.1 -fcxx-exceptions -fexceptions -faddrsig -o CMakeFiles/cmTC_97db4.dir/CMakeCXXCompilerABI.cpp.o -x c++ /usr/share/cmake-3.18/Modules/CMakeCXXCompilerABI.cpp]
  ignore line: [clang -cc1 version 12.0.0 based upon LLVM 12.0.0git default target x86_64-unknown-linux-gnu]
  ignore line: [ignoring nonexistent directory "/include"]
  ignore line: [ignoring duplicate directory "/usr/lib/gcc/x86_64-linux-gnu/10/../../../../include/x86_64-linux-gnu/c++/10"]
  ignore line: [#include "..." search starts here:]
  ignore line: [#include <...> search starts here:]
  ignore line: [ /scratch/users/guermond/intel/oneapi/tbb/2021.2.0/env/../include]
  ignore line: [ /scratch/users/guermond/intel/oneapi/mkl/latest/include]
  ignore line: [ /scratch/users/guermond/intel/oneapi/dpl/2021.2.0/linux/include]
  ignore line: [ /scratch/users/guermond/intel/oneapi/dev-utilities/2021.2.0/include]
  ignore line: [ /scratch/users/guermond/intel/oneapi/compiler/2021.2.0/linux/include]
  ignore line: [ /usr/lib/gcc/x86_64-linux-gnu/10/../../../../include/c++/10]
  ignore line: [ /usr/lib/gcc/x86_64-linux-gnu/10/../../../../include/x86_64-linux-gnu/c++/10]
  ignore line: [ /usr/lib/gcc/x86_64-linux-gnu/10/../../../../include/c++/10/backward]
  ignore line: [ /usr/local/include]
  ignore line: [ /scratch/users/guermond/intel/oneapi/compiler/2021.2.0/linux/lib/clang/12.0.0/include]
  ignore line: [ /usr/include/x86_64-linux-gnu]
  ignore line: [ /usr/include]
  ignore line: [End of search list.]
  ignore line: [Linking CXX executable cmTC_97db4]
  ignore line: [/usr/bin/cmake -E cmake_link_script CMakeFiles/cmTC_97db4.dir/link.txt --verbose=1]
  ignore line: [/scratch/users/guermond/intel/oneapi/compiler/2021.2.0/linux/bin/clang++  -v -rdynamic CMakeFiles/cmTC_97db4.dir/CMakeCXXCompilerABI.cpp.o -o cmTC_97db4 ]
  ignore line: [Intel(R) oneAPI DPC++ Compiler 2021.2.0 (2021.2.0.20210317)]
  ignore line: [Target: x86_64-unknown-linux-gnu]
  ignore line: [Thread model: posix]
  ignore line: [InstalledDir: /scratch/users/guermond/intel/oneapi/compiler/2021.2.0/linux/bin]
  ignore line: [Found candidate GCC installation: /usr/lib/gcc/x86_64-linux-gnu/10]
  ignore line: [Found candidate GCC installation: /usr/lib/gcc/x86_64-linux-gnu/8]
  ignore line: [Selected GCC installation: /usr/lib/gcc/x86_64-linux-gnu/10]
  ignore line: [Candidate multilib: .]
  ignore line: [@m64]
  ignore line: [Selected multilib: .]
  ignore line: [@m64]
  link line: [ "/usr/bin/ld" -export-dynamic --hash-style=both --eh-frame-hdr -m elf_x86_64 -export-dynamic -dynamic-linker /lib64/ld-linux-x86-64.so.2 -o cmTC_97db4 /usr/lib/gcc/x86_64-linux-gnu/10/../../../x86_64-linux-gnu/crt1.o /usr/lib/gcc/x86_64-linux-gnu/10/../../../x86_64-linux-gnu/crti.o /usr/lib/gcc/x86_64-linux-gnu/10/crtbegin.o -L/usr/lib/gcc/x86_64-linux-gnu/10 -L/usr/lib/gcc/x86_64-linux-gnu/10/../../../x86_64-linux-gnu -L/usr/lib/gcc/x86_64-linux-gnu/10/../../../../lib64 -L/lib/x86_64-linux-gnu -L/lib/../lib64 -L/usr/lib/x86_64-linux-gnu -L/usr/lib/../lib64 -L/usr/lib/x86_64-linux-gnu/../../lib64 -L/usr/lib/gcc/x86_64-linux-gnu/10/../../.. -L/scratch/users/guermond/intel/oneapi/compiler/2021.2.0/linux/bin/../lib -L/lib -L/usr/lib -L/scratch/users/guermond/intel/oneapi/tbb/2021.2.0/env/../lib/intel64/gcc4.8 -L/scratch/users/guermond/intel/oneapi/mkl/latest/lib/intel64 -L/scratch/users/guermond/intel/oneapi/compiler/2021.2.0/linux/compiler/lib/intel64_lin -L/scratch/users/guermond/intel/oneapi/compiler/2021.2.0/linux/lib CMakeFiles/cmTC_97db4.dir/CMakeCXXCompilerABI.cpp.o -lstdc++ -lm -lgcc_s -lgcc -lgcc_s -lgcc -lc -lgcc_s -lgcc /usr/lib/gcc/x86_64-linux-gnu/10/crtend.o /usr/lib/gcc/x86_64-linux-gnu/10/../../../x86_64-linux-gnu/crtn.o]
    arg [/usr/bin/ld] ==> ignore
    arg [-export-dynamic] ==> ignore
    arg [--hash-style=both] ==> ignore
    arg [--eh-frame-hdr] ==> ignore
    arg [-m] ==> ignore
    arg [elf_x86_64] ==> ignore
    arg [-export-dynamic] ==> ignore
    arg [-dynamic-linker] ==> ignore
    arg [/lib64/ld-linux-x86-64.so.2] ==> ignore
    arg [-o] ==> ignore
    arg [cmTC_97db4] ==> ignore
    arg [/usr/lib/gcc/x86_64-linux-gnu/10/../../../x86_64-linux-gnu/crt1.o] ==> ignore
    arg [/usr/lib/gcc/x86_64-linux-gnu/10/../../../x86_64-linux-gnu/crti.o] ==> ignore
    arg [/usr/lib/gcc/x86_64-linux-gnu/10/crtbegin.o] ==> ignore
    arg [-L/usr/lib/gcc/x86_64-linux-gnu/10] ==> dir [/usr/lib/gcc/x86_64-linux-gnu/10]
    arg [-L/usr/lib/gcc/x86_64-linux-gnu/10/../../../x86_64-linux-gnu] ==> dir [/usr/lib/gcc/x86_64-linux-gnu/10/../../../x86_64-linux-gnu]
    arg [-L/usr/lib/gcc/x86_64-linux-gnu/10/../../../../lib64] ==> dir [/usr/lib/gcc/x86_64-linux-gnu/10/../../../../lib64]
    arg [-L/lib/x86_64-linux-gnu] ==> dir [/lib/x86_64-linux-gnu]
    arg [-L/lib/../lib64] ==> dir [/lib/../lib64]
    arg [-L/usr/lib/x86_64-linux-gnu] ==> dir [/usr/lib/x86_64-linux-gnu]
    arg [-L/usr/lib/../lib64] ==> dir [/usr/lib/../lib64]
    arg [-L/usr/lib/x86_64-linux-gnu/../../lib64] ==> dir [/usr/lib/x86_64-linux-gnu/../../lib64]
    arg [-L/usr/lib/gcc/x86_64-linux-gnu/10/../../..] ==> dir [/usr/lib/gcc/x86_64-linux-gnu/10/../../..]
    arg [-L/scratch/users/guermond/intel/oneapi/compiler/2021.2.0/linux/bin/../lib] ==> dir [/scratch/users/guermond/intel/oneapi/compiler/2021.2.0/linux/bin/../lib]
    arg [-L/lib] ==> dir [/lib]
    arg [-L/usr/lib] ==> dir [/usr/lib]
    arg [-L/scratch/users/guermond/intel/oneapi/tbb/2021.2.0/env/../lib/intel64/gcc4.8] ==> dir [/scratch/users/guermond/intel/oneapi/tbb/2021.2.0/env/../lib/intel64/gcc4.8]
    arg [-L/scratch/users/guermond/intel/oneapi/mkl/latest/lib/intel64] ==> dir [/scratch/users/guermond/intel/oneapi/mkl/latest/lib/intel64]
    arg [-L/scratch/users/guermond/intel/oneapi/compiler/2021.2.0/linux/compiler/lib/intel64_lin] ==> dir [/scratch/users/guermond/intel/oneapi/compiler/2021.2.0/linux/compiler/lib/intel64_lin]
    arg [-L/scratch/users/guermond/intel/oneapi/compiler/2021.2.0/linux/lib] ==> dir [/scratch/users/guermond/intel/oneapi/compiler/2021.2.0/linux/lib]
    arg [CMakeFiles/cmTC_97db4.dir/CMakeCXXCompilerABI.cpp.o] ==> ignore
    arg [-lstdc++] ==> lib [stdc++]
    arg [-lm] ==> lib [m]
    arg [-lgcc_s] ==> lib [gcc_s]
    arg [-lgcc] ==> lib [gcc]
    arg [-lgcc_s] ==> lib [gcc_s]
    arg [-lgcc] ==> lib [gcc]
    arg [-lc] ==> lib [c]
    arg [-lgcc_s] ==> lib [gcc_s]
    arg [-lgcc] ==> lib [gcc]
    arg [/usr/lib/gcc/x86_64-linux-gnu/10/crtend.o] ==> ignore
    arg [/usr/lib/gcc/x86_64-linux-gnu/10/../../../x86_64-linux-gnu/crtn.o] ==> ignore
  collapse library dir [/usr/lib/gcc/x86_64-linux-gnu/10] ==> [/usr/lib/gcc/x86_64-linux-gnu/10]
  collapse library dir [/usr/lib/gcc/x86_64-linux-gnu/10/../../../x86_64-linux-gnu] ==> [/usr/lib/x86_64-linux-gnu]
  collapse library dir [/usr/lib/gcc/x86_64-linux-gnu/10/../../../../lib64] ==> [/usr/lib64]
  collapse library dir [/lib/x86_64-linux-gnu] ==> [/lib/x86_64-linux-gnu]
  collapse library dir [/lib/../lib64] ==> [/lib64]
  collapse library dir [/usr/lib/x86_64-linux-gnu] ==> [/usr/lib/x86_64-linux-gnu]
  collapse library dir [/usr/lib/../lib64] ==> [/usr/lib64]
  collapse library dir [/usr/lib/x86_64-linux-gnu/../../lib64] ==> [/usr/lib64]
  collapse library dir [/usr/lib/gcc/x86_64-linux-gnu/10/../../..] ==> [/usr/lib]
  collapse library dir [/scratch/users/guermond/intel/oneapi/compiler/2021.2.0/linux/bin/../lib] ==> [/scratch/users/guermond/intel/oneapi/compiler/2021.2.0/linux/lib]
  collapse library dir [/lib] ==> [/lib]
  collapse library dir [/usr/lib] ==> [/usr/lib]
  collapse library dir [/scratch/users/guermond/intel/oneapi/tbb/2021.2.0/env/../lib/intel64/gcc4.8] ==> [/scratch/users/guermond/intel/oneapi/tbb/2021.2.0/lib/intel64/gcc4.8]
  collapse library dir [/scratch/users/guermond/intel/oneapi/mkl/latest/lib/intel64] ==> [/scratch/users/guermond/intel/oneapi/mkl/latest/lib/intel64]
  collapse library dir [/scratch/users/guermond/intel/oneapi/compiler/2021.2.0/linux/compiler/lib/intel64_lin] ==> [/scratch/users/guermond/intel/oneapi/compiler/2021.2.0/linux/compiler/lib/intel64_lin]
  collapse library dir [/scratch/users/guermond/intel/oneapi/compiler/2021.2.0/linux/lib] ==> [/scratch/users/guermond/intel/oneapi/compiler/2021.2.0/linux/lib]
  implicit libs: [stdc++;m;gcc_s;gcc;gcc_s;gcc;c;gcc_s;gcc]
  implicit dirs: [/usr/lib/gcc/x86_64-linux-gnu/10;/usr/lib/x86_64-linux-gnu;/usr/lib64;/lib/x86_64-linux-gnu;/lib64;/usr/lib;/scratch/users/guermond/intel/oneapi/compiler/2021.2.0/linux/lib;/lib;/scratch/users/guermond/intel/oneapi/tbb/2021.2.0/lib/intel64/gcc4.8;/scratch/users/guermond/intel/oneapi/mkl/latest/lib/intel64;/scratch/users/guermond/intel/oneapi/compiler/2021.2.0/linux/compiler/lib/intel64_lin]
  implicit fwks: []


Compiling the Fortran compiler identification source file "CMakeFortranCompilerId.F" succeeded.
Compiler: /usr/bin/f95 
Build flags: 
Id flags: -v 

The output was:
0
Driving: /usr/bin/f95 -v CMakeFortranCompilerId.F -l gfortran -l m -shared-libgcc
Using built-in specs.
COLLECT_GCC=/usr/bin/f95
COLLECT_LTO_WRAPPER=/usr/lib/gcc/x86_64-linux-gnu/10/lto-wrapper
OFFLOAD_TARGET_NAMES=nvptx-none:amdgcn-amdhsa:hsa
OFFLOAD_TARGET_DEFAULT=1
Target: x86_64-linux-gnu
Configured with: ../src/configure -v --with-pkgversion='Debian 10.2.1-6' --with-bugurl=file:///usr/share/doc/gcc-10/README.Bugs --enable-languages=c,ada,c++,go,brig,d,fortran,objc,obj-c++,m2 --prefix=/usr --with-gcc-major-version-only --program-suffix=-10 --program-prefix=x86_64-linux-gnu- --enable-shared --enable-linker-build-id --libexecdir=/usr/lib --without-included-gettext --enable-threads=posix --libdir=/usr/lib --enable-nls --enable-bootstrap --enable-clocale=gnu --enable-libstdcxx-debug --enable-libstdcxx-time=yes --with-default-libstdcxx-abi=new --enable-gnu-unique-object --disable-vtable-verify --enable-plugin --enable-default-pie --with-system-zlib --enable-libphobos-checking=release --with-target-system-zlib=auto --enable-objc-gc=auto --enable-multiarch --disable-werror --with-arch-32=i686 --with-abi=m64 --with-multilib-list=m32,m64,mx32 --enable-multilib --with-tune=generic --enable-offload-targets=nvptx-none=/build/gcc-10-Km9U7s/gcc-10-10.2.1/debian/tmp-nvptx/usr,amdgcn-amdhsa=/build/gcc-10-Km9U7s/gcc-10-10.2.1/debian/tmp-gcn/usr,hsa --without-cuda-driver --enable-checking=release --build=x86_64-linux-gnu --host=x86_64-linux-gnu --target=x86_64-linux-gnu --with-build-config=bootstrap-lto-lean --enable-link-mutex
Thread model: posix
Supported LTO compression algorithms: zlib zstd
gcc version 10.2.1 20210110 (Debian 10.2.1-6) 
COLLECT_GCC_OPTIONS='-v' '-shared-libgcc' '-mtune=generic' '-march=x86-64'
 /usr/lib/gcc/x86_64-linux-gnu/10/f951 CMakeFortranCompilerId.F -ffixed-form -cpp=/tmp/ccLjgaQ5.f90 -quiet -v -imultiarch x86_64-linux-gnu CMakeFortranCompilerId.F -quiet -dumpbase CMakeFortranCompilerId.F -mtune=generic -march=x86-64 -auxbase CMakeFortranCompilerId -version -fintrinsic-modules-path /usr/lib/gcc/x86_64-linux-gnu/10/finclude -fpre-include=/usr/include/finclude/x86_64-linux-gnu/math-vector-fortran.h -o /tmp/ccABGGK3.s
GNU Fortran (Debian 10.2.1-6) version 10.2.1 20210110 (x86_64-linux-gnu)
	compiled by GNU C version 10.2.1 20210110, GMP version 6.2.1, MPFR version 4.1.0, MPC version 1.2.0, isl version isl-0.23-GMP

GGC heuristics: --param ggc-min-expand=100 --param ggc-min-heapsize=131072
ignoring nonexistent directory "/usr/local/include/x86_64-linux-gnu"
ignoring nonexistent directory "/usr/lib/gcc/x86_64-linux-gnu/10/include-fixed"
ignoring nonexistent directory "/usr/lib/gcc/x86_64-linux-gnu/10/../../../../x86_64-linux-gnu/include"
#include "..." search starts here:
#include <...> search starts here:
 /usr/lib/gcc/x86_64-linux-gnu/10/finclude
 /scratch/users/guermond/intel/oneapi/tbb/2021.2.0/env/../include
 /scratch/users/guermond/intel/oneapi/mkl/latest/include
 /scratch/users/guermond/intel/oneapi/dpl/2021.2.0/linux/include
 /scratch/users/guermond/intel/oneapi/dev-utilities/2021.2.0/include
 /scratch/users/guermond/intel/oneapi/compiler/2021.2.0/linux/include
 /usr/lib/gcc/x86_64-linux-gnu/10/include
 /usr/local/include
 /usr/include/x86_64-linux-gnu
 /usr/include
End of search list.
GNU Fortran2008 (Debian 10.2.1-6) version 10.2.1 20210110 (x86_64-linux-gnu)
	compiled by GNU C version 10.2.1 20210110, GMP version 6.2.1, MPFR version 4.1.0, MPC version 1.2.0, isl version isl-0.23-GMP

GGC heuristics: --param ggc-min-expand=100 --param ggc-min-heapsize=131072
COLLECT_GCC_OPTIONS='-v' '-shared-libgcc' '-mtune=generic' '-march=x86-64'
 as -v --64 -o /tmp/ccjBSP51.o /tmp/ccABGGK3.s
GNU assembler version 2.35.2 (x86_64-linux-gnu) using BFD version (GNU Binutils for Debian) 2.35.2
Reading specs from /usr/lib/gcc/x86_64-linux-gnu/10/libgfortran.spec
rename spec lib to liborig
COLLECT_GCC_OPTIONS='-v' '-shared-libgcc' '-mtune=generic' '-march=x86-64'
COMPILER_PATH=/usr/lib/gcc/x86_64-linux-gnu/10/:/usr/lib/gcc/x86_64-linux-gnu/10/:/usr/lib/gcc/x86_64-linux-gnu/:/usr/lib/gcc/x86_64-linux-gnu/10/:/usr/lib/gcc/x86_64-linux-gnu/
LIBRARY_PATH=/scratch/users/guermond/intel/oneapi/compiler/2021.2.0/linux/lib/../lib/:/usr/lib/gcc/x86_64-linux-gnu/10/:/usr/lib/gcc/x86_64-linux-gnu/10/../../../x86_64-linux-gnu/:/usr/lib/gcc/x86_64-linux-gnu/10/../../../../lib/:/lib/x86_64-linux-gnu/:/lib/../lib/:/usr/lib/x86_64-linux-gnu/:/usr/lib/../lib/:/scratch/users/guermond/intel/oneapi/tbb/2021.2.0/env/../lib/intel64/gcc4.8/:/scratch/users/guermond/intel/oneapi/mkl/latest/lib/intel64/:/scratch/users/guermond/intel/oneapi/compiler/2021.2.0/linux/compiler/lib/intel64_lin/:/scratch/users/guermond/intel/oneapi/compiler/2021.2.0/linux/lib/:/usr/lib/gcc/x86_64-linux-gnu/10/../../../:/lib/:/usr/lib/
COLLECT_GCC_OPTIONS='-v' '-shared-libgcc' '-mtune=generic' '-march=x86-64'
 /usr/lib/gcc/x86_64-linux-gnu/10/collect2 -plugin /usr/lib/gcc/x86_64-linux-gnu/10/liblto_plugin.so -plugin-opt=/usr/lib/gcc/x86_64-linux-gnu/10/lto-wrapper -plugin-opt=-fresolution=/tmp/ccq4O8l3.res -plugin-opt=-pass-through=-lgcc_s -plugin-opt=-pass-through=-lgcc -plugin-opt=-pass-through=-lquadmath -plugin-opt=-pass-through=-lm -plugin-opt=-pass-through=-lgcc_s -plugin-opt=-pass-through=-lgcc -plugin-opt=-pass-through=-lc -plugin-opt=-pass-through=-lgcc_s -plugin-opt=-pass-through=-lgcc --build-id --eh-frame-hdr -m elf_x86_64 --hash-style=gnu --as-needed -dynamic-linker /lib64/ld-linux-x86-64.so.2 -pie /usr/lib/gcc/x86_64-linux-gnu/10/../../../x86_64-linux-gnu/Scrt1.o /usr/lib/gcc/x86_64-linux-gnu/10/../../../x86_64-linux-gnu/crti.o /usr/lib/gcc/x86_64-linux-gnu/10/crtbeginS.o -L/scratch/users/guermond/intel/oneapi/compiler/2021.2.0/linux/lib/../lib -L/usr/lib/gcc/x86_64-linux-gnu/10 -L/usr/lib/gcc/x86_64-linux-gnu/10/../../../x86_64-linux-gnu -L/usr/lib/gcc/x86_64-linux-gnu/10/../../../../lib -L/lib/x86_64-linux-gnu -L/lib/../lib -L/usr/lib/x86_64-linux-gnu -L/usr/lib/../lib -L/scratch/users/guermond/intel/oneapi/tbb/2021.2.0/env/../lib/intel64/gcc4.8 -L/scratch/users/guermond/intel/oneapi/mkl/latest/lib/intel64 -L/scratch/users/guermond/intel/oneapi/compiler/2021.2.0/linux/compiler/lib/intel64_lin -L/scratch/users/guermond/intel/oneapi/compiler/2021.2.0/linux/lib -L/usr/lib/gcc/x86_64-linux-gnu/10/../../.. /tmp/ccjBSP51.o -lgfortran -lm -lgcc_s -lgcc -lquadmath -lm -lgcc_s -lgcc -lc -lgcc_s -lgcc /usr/lib/gcc/x86_64-linux-gnu/10/crtendS.o /usr/lib/gcc/x86_64-linux-gnu/10/../../../x86_64-linux-gnu/crtn.o
COLLECT_GCC_OPTIONS='-v' '-shared-libgcc' '-mtune=generic' '-march=x86-64'


Compilation of the Fortran compiler identification source "CMakeFortranCompilerId.F" produced "a.out"

The Fortran compiler identification is GNU, found in "/home/guermond/SFEMaNS/SMALL_SFEMaNS/BUILD/CMakeFiles/3.18.4/CompilerIdFortran/a.out"

Detecting Fortran compiler ABI info compiled with the following output:
Change Dir: /home/guermond/SFEMaNS/SMALL_SFEMaNS/BUILD/CMakeFiles/CMakeTmp

Run Build Command(s):/usr/bin/gmake cmTC_a4fe9/fast && /usr/bin/gmake  -f CMakeFiles/cmTC_a4fe9.dir/build.make CMakeFiles/cmTC_a4fe9.dir/build
gmake[1]: Entering directory '/home/guermond/SFEMaNS/SMALL_SFEMaNS/BUILD/CMakeFiles/CMakeTmp'
Building Fortran object CMakeFiles/cmTC_a4fe9.dir/CMakeFortranCompilerABI.F.o
/usr/bin/f95   -v -c /usr/share/cmake-3.18/Modules/CMakeFortranCompilerABI.F -o CMakeFiles/cmTC_a4fe9.dir/CMakeFortranCompilerABI.F.o
Using built-in specs.
COLLECT_GCC=/usr/bin/f95
OFFLOAD_TARGET_NAMES=nvptx-none:amdgcn-amdhsa:hsa
OFFLOAD_TARGET_DEFAULT=1
Target: x86_64-linux-gnu
Configured with: ../src/configure -v --with-pkgversion='Debian 10.2.1-6' --with-bugurl=file:///usr/share/doc/gcc-10/README.Bugs --enable-languages=c,ada,c++,go,brig,d,fortran,objc,obj-c++,m2 --prefix=/usr --with-gcc-major-version-only --program-suffix=-10 --program-prefix=x86_64-linux-gnu- --enable-shared --enable-linker-build-id --libexecdir=/usr/lib --without-included-gettext --enable-threads=posix --libdir=/usr/lib --enable-nls --enable-bootstrap --enable-clocale=gnu --enable-libstdcxx-debug --enable-libstdcxx-time=yes --with-default-libstdcxx-abi=new --enable-gnu-unique-object --disable-vtable-verify --enable-plugin --enable-default-pie --with-system-zlib --enable-libphobos-checking=release --with-target-system-zlib=auto --enable-objc-gc=auto --enable-multiarch --disable-werror --with-arch-32=i686 --with-abi=m64 --with-multilib-list=m32,m64,mx32 --enable-multilib --with-tune=generic --enable-offload-targets=nvptx-none=/build/gcc-10-Km9U7s/gcc-10-10.2.1/debian/tmp-nvptx/usr,amdgcn-amdhsa=/build/gcc-10-Km9U7s/gcc-10-10.2.1/debian/tmp-gcn/usr,hsa --without-cuda-driver --enable-checking=release --build=x86_64-linux-gnu --host=x86_64-linux-gnu --target=x86_64-linux-gnu --with-build-config=bootstrap-lto-lean --enable-link-mutex
Thread model: posix
Supported LTO compression algorithms: zlib zstd
gcc version 10.2.1 20210110 (Debian 10.2.1-6) 
COLLECT_GCC_OPTIONS='-v' '-c' '-o' 'CMakeFiles/cmTC_a4fe9.dir/CMakeFortranCompilerABI.F.o' '-mtune=generic' '-march=x86-64'
 /usr/lib/gcc/x86_64-linux-gnu/10/f951 /usr/share/cmake-3.18/Modules/CMakeFortranCompilerABI.F -ffixed-form -cpp=/tmp/cc481quV.f90 -quiet -v -imultiarch x86_64-linux-gnu /usr/share/cmake-3.18/Modules/CMakeFortranCompilerABI.F -quiet -dumpbase CMakeFortranCompilerABI.F -mtune=generic -march=x86-64 -auxbase-strip CMakeFiles/cmTC_a4fe9.dir/CMakeFortranCompilerABI.F.o -version -fintrinsic-modules-path /usr/lib/gcc/x86_64-linux-gnu/10/finclude -fpre-include=/usr/include/finclude/x86_64-linux-gnu/math-vector-fortran.h -o /tmp/ccfLZFHZ.s
GNU Fortran (Debian 10.2.1-6) version 10.2.1 20210110 (x86_64-linux-gnu)
	compiled by GNU C version 10.2.1 20210110, GMP version 6.2.1, MPFR version 4.1.0, MPC version 1.2.0, isl version isl-0.23-GMP

GGC heuristics: --param ggc-min-expand=100 --param ggc-min-heapsize=131072
ignoring nonexistent directory "/usr/local/include/x86_64-linux-gnu"
ignoring nonexistent directory "/usr/lib/gcc/x86_64-linux-gnu/10/include-fixed"
ignoring nonexistent directory "/usr/lib/gcc/x86_64-linux-gnu/10/../../../../x86_64-linux-gnu/include"
#include "..." search starts here:
#include <...> search starts here:
 /usr/lib/gcc/x86_64-linux-gnu/10/finclude
 /scratch/users/guermond/intel/oneapi/tbb/2021.2.0/env/../include
 /scratch/users/guermond/intel/oneapi/mkl/latest/include
 /scratch/users/guermond/intel/oneapi/dpl/2021.2.0/linux/include
 /scratch/users/guermond/intel/oneapi/dev-utilities/2021.2.0/include
 /scratch/users/guermond/intel/oneapi/compiler/2021.2.0/linux/include
 /usr/lib/gcc/x86_64-linux-gnu/10/include
 /usr/local/include
 /usr/include/x86_64-linux-gnu
 /usr/include
End of search list.
GNU Fortran2008 (Debian 10.2.1-6) version 10.2.1 20210110 (x86_64-linux-gnu)
	compiled by GNU C version 10.2.1 20210110, GMP version 6.2.1, MPFR version 4.1.0, MPC version 1.2.0, isl version isl-0.23-GMP

GGC heuristics: --param ggc-min-expand=100 --param ggc-min-heapsize=131072
COLLECT_GCC_OPTIONS='-v' '-c' '-o' 'CMakeFiles/cmTC_a4fe9.dir/CMakeFortranCompilerABI.F.o' '-mtune=generic' '-march=x86-64'
 as -v --64 -o CMakeFiles/cmTC_a4fe9.dir/CMakeFortranCompilerABI.F.o /tmp/ccfLZFHZ.s
GNU assembler version 2.35.2 (x86_64-linux-gnu) using BFD version (GNU Binutils for Debian) 2.35.2
COMPILER_PATH=/usr/lib/gcc/x86_64-linux-gnu/10/:/usr/lib/gcc/x86_64-linux-gnu/10/:/usr/lib/gcc/x86_64-linux-gnu/:/usr/lib/gcc/x86_64-linux-gnu/10/:/usr/lib/gcc/x86_64-linux-gnu/
LIBRARY_PATH=/scratch/users/guermond/intel/oneapi/compiler/2021.2.0/linux/lib/../lib/:/usr/lib/gcc/x86_64-linux-gnu/10/:/usr/lib/gcc/x86_64-linux-gnu/10/../../../x86_64-linux-gnu/:/usr/lib/gcc/x86_64-linux-gnu/10/../../../../lib/:/lib/x86_64-linux-gnu/:/lib/../lib/:/usr/lib/x86_64-linux-gnu/:/usr/lib/../lib/:/scratch/users/guermond/intel/oneapi/tbb/2021.2.0/env/../lib/intel64/gcc4.8/:/scratch/users/guermond/intel/oneapi/mkl/latest/lib/intel64/:/scratch/users/guermond/intel/oneapi/compiler/2021.2.0/linux/compiler/lib/intel64_lin/:/scratch/users/guermond/intel/oneapi/compiler/2021.2.0/linux/lib/:/usr/lib/gcc/x86_64-linux-gnu/10/../../../:/lib/:/usr/lib/
COLLECT_GCC_OPTIONS='-v' '-c' '-o' 'CMakeFiles/cmTC_a4fe9.dir/CMakeFortranCompilerABI.F.o' '-mtune=generic' '-march=x86-64'
Linking Fortran executable cmTC_a4fe9
/usr/bin/cmake -E cmake_link_script CMakeFiles/cmTC_a4fe9.dir/link.txt --verbose=1
/usr/bin/f95  -v CMakeFiles/cmTC_a4fe9.dir/CMakeFortranCompilerABI.F.o -o cmTC_a4fe9 
Driving: /usr/bin/f95 -v CMakeFiles/cmTC_a4fe9.dir/CMakeFortranCompilerABI.F.o -o cmTC_a4fe9 -l gfortran -l m -shared-libgcc
Using built-in specs.
COLLECT_GCC=/usr/bin/f95
COLLECT_LTO_WRAPPER=/usr/lib/gcc/x86_64-linux-gnu/10/lto-wrapper
OFFLOAD_TARGET_NAMES=nvptx-none:amdgcn-amdhsa:hsa
OFFLOAD_TARGET_DEFAULT=1
Target: x86_64-linux-gnu
Configured with: ../src/configure -v --with-pkgversion='Debian 10.2.1-6' --with-bugurl=file:///usr/share/doc/gcc-10/README.Bugs --enable-languages=c,ada,c++,go,brig,d,fortran,objc,obj-c++,m2 --prefix=/usr --with-gcc-major-version-only --program-suffix=-10 --program-prefix=x86_64-linux-gnu- --enable-shared --enable-linker-build-id --libexecdir=/usr/lib --without-included-gettext --enable-threads=posix --libdir=/usr/lib --enable-nls --enable-bootstrap --enable-clocale=gnu --enable-libstdcxx-debug --enable-libstdcxx-time=yes --with-default-libstdcxx-abi=new --enable-gnu-unique-object --disable-vtable-verify --enable-plugin --enable-default-pie --with-system-zlib --enable-libphobos-checking=release --with-target-system-zlib=auto --enable-objc-gc=auto --enable-multiarch --disable-werror --with-arch-32=i686 --with-abi=m64 --with-multilib-list=m32,m64,mx32 --enable-multilib --with-tune=generic --enable-offload-targets=nvptx-none=/build/gcc-10-Km9U7s/gcc-10-10.2.1/debian/tmp-nvptx/usr,amdgcn-amdhsa=/build/gcc-10-Km9U7s/gcc-10-10.2.1/debian/tmp-gcn/usr,hsa --without-cuda-driver --enable-checking=release --build=x86_64-linux-gnu --host=x86_64-linux-gnu --target=x86_64-linux-gnu --with-build-config=bootstrap-lto-lean --enable-link-mutex
Thread model: posix
Supported LTO compression algorithms: zlib zstd
gcc version 10.2.1 20210110 (Debian 10.2.1-6) 
Reading specs from /usr/lib/gcc/x86_64-linux-gnu/10/libgfortran.spec
rename spec lib to liborig
COLLECT_GCC_OPTIONS='-v' '-o' 'cmTC_a4fe9' '-shared-libgcc' '-mtune=generic' '-march=x86-64'
COMPILER_PATH=/usr/lib/gcc/x86_64-linux-gnu/10/:/usr/lib/gcc/x86_64-linux-gnu/10/:/usr/lib/gcc/x86_64-linux-gnu/:/usr/lib/gcc/x86_64-linux-gnu/10/:/usr/lib/gcc/x86_64-linux-gnu/
LIBRARY_PATH=/scratch/users/guermond/intel/oneapi/compiler/2021.2.0/linux/lib/../lib/:/usr/lib/gcc/x86_64-linux-gnu/10/:/usr/lib/gcc/x86_64-linux-gnu/10/../../../x86_64-linux-gnu/:/usr/lib/gcc/x86_64-linux-gnu/10/../../../../lib/:/lib/x86_64-linux-gnu/:/lib/../lib/:/usr/lib/x86_64-linux-gnu/:/usr/lib/../lib/:/scratch/users/guermond/intel/oneapi/tbb/2021.2.0/env/../lib/intel64/gcc4.8/:/scratch/users/guermond/intel/oneapi/mkl/latest/lib/intel64/:/scratch/users/guermond/intel/oneapi/compiler/2021.2.0/linux/compiler/lib/intel64_lin/:/scratch/users/guermond/intel/oneapi/compiler/2021.2.0/linux/lib/:/usr/lib/gcc/x86_64-linux-gnu/10/../../../:/lib/:/usr/lib/
COLLECT_GCC_OPTIONS='-v' '-o' 'cmTC_a4fe9' '-shared-libgcc' '-mtune=generic' '-march=x86-64'
 /usr/lib/gcc/x86_64-linux-gnu/10/collect2 -plugin /usr/lib/gcc/x86_64-linux-gnu/10/liblto_plugin.so -plugin-opt=/usr/lib/gcc/x86_64-linux-gnu/10/lto-wrapper -plugin-opt=-fresolution=/tmp/ccoV8fqr.res -plugin-opt=-pass-through=-lgcc_s -plugin-opt=-pass-through=-lgcc -plugin-opt=-pass-through=-lquadmath -plugin-opt=-pass-through=-lm -plugin-opt=-pass-through=-lgcc_s -plugin-opt=-pass-through=-lgcc -plugin-opt=-pass-through=-lc -plugin-opt=-pass-through=-lgcc_s -plugin-opt=-pass-through=-lgcc --build-id --eh-frame-hdr -m elf_x86_64 --hash-style=gnu --as-needed -dynamic-linker /lib64/ld-linux-x86-64.so.2 -pie -o cmTC_a4fe9 /usr/lib/gcc/x86_64-linux-gnu/10/../../../x86_64-linux-gnu/Scrt1.o /usr/lib/gcc/x86_64-linux-gnu/10/../../../x86_64-linux-gnu/crti.o /usr/lib/gcc/x86_64-linux-gnu/10/crtbeginS.o -L/scratch/users/guermond/intel/oneapi/compiler/2021.2.0/linux/lib/../lib -L/usr/lib/gcc/x86_64-linux-gnu/10 -L/usr/lib/gcc/x86_64-linux-gnu/10/../../../x86_64-linux-gnu -L/usr/lib/gcc/x86_64-linux-gnu/10/../../../../lib -L/lib/x86_64-linux-gnu -L/lib/../lib -L/usr/lib/x86_64-linux-gnu -L/usr/lib/../lib -L/scratch/users/guermond/intel/oneapi/tbb/2021.2.0/env/../lib/intel64/gcc4.8 -L/scratch/users/guermond/intel/oneapi/mkl/latest/lib/intel64 -L/scratch/users/guermond/intel/oneapi/compiler/2021.2.0/linux/compiler/lib/intel64_lin -L/scratch/users/guermond/intel/oneapi/compiler/2021.2.0/linux/lib -L/usr/lib/gcc/x86_64-linux-gnu/10/../../.. CMakeFiles/cmTC_a4fe9.dir/CMakeFortranCompilerABI.F.o -lgfortran -lm -lgcc_s -lgcc -lquadmath -lm -lgcc_s -lgcc -lc -lgcc_s -lgcc /usr/lib/gcc/x86_64-linux-gnu/10/crtendS.o /usr/lib/gcc/x86_64-linux-gnu/10/../../../x86_64-linux-gnu/crtn.o
COLLECT_GCC_OPTIONS='-v' '-o' 'cmTC_a4fe9' '-shared-libgcc' '-mtune=generic' '-march=x86-64'
gmake[1]: Leaving directory '/home/guermond/SFEMaNS/SMALL_SFEMaNS/BUILD/CMakeFiles/CMakeTmp'



Parsed Fortran implicit include dir info from above output: rv=done
  found start of include info
  found start of implicit include info
    add: [/usr/lib/gcc/x86_64-linux-gnu/10/finclude]
    add: [/scratch/users/guermond/intel/oneapi/tbb/2021.2.0/env/../include]
    add: [/scratch/users/guermond/intel/oneapi/mkl/latest/include]
    add: [/scratch/users/guermond/intel/oneapi/dpl/2021.2.0/linux/include]
    add: [/scratch/users/guermond/intel/oneapi/dev-utilities/2021.2.0/include]
    add: [/scratch/users/guermond/intel/oneapi/compiler/2021.2.0/linux/include]
    add: [/usr/lib/gcc/x86_64-linux-gnu/10/include]
    add: [/usr/local/include]
    add: [/usr/include/x86_64-linux-gnu]
    add: [/usr/include]
  end of search list found
  collapse include dir [/usr/lib/gcc/x86_64-linux-gnu/10/finclude] ==> [/usr/lib/gcc/x86_64-linux-gnu/10/finclude]
  collapse include dir [/scratch/users/guermond/intel/oneapi/tbb/2021.2.0/env/../include] ==> [/scratch/users/guermond/intel/oneapi/tbb/2021.2.0/include]
  collapse include dir [/scratch/users/guermond/intel/oneapi/mkl/latest/include] ==> [/scratch/users/guermond/intel/oneapi/mkl/latest/include]
  collapse include dir [/scratch/users/guermond/intel/oneapi/dpl/2021.2.0/linux/include] ==> [/scratch/users/guermond/intel/oneapi/dpl/2021.2.0/linux/include]
  collapse include dir [/scratch/users/guermond/intel/oneapi/dev-utilities/2021.2.0/include] ==> [/scratch/users/guermond/intel/oneapi/dev-utilities/2021.2.0/include]
  collapse include dir [/scratch/users/guermond/intel/oneapi/compiler/2021.2.0/linux/include] ==> [/scratch/users/guermond/intel/oneapi/compiler/2021.2.0/linux/include]
  collapse include dir [/usr/lib/gcc/x86_64-linux-gnu/10/include] ==> [/usr/lib/gcc/x86_64-linux-gnu/10/include]
  collapse include dir [/usr/local/include] ==> [/usr/local/include]
  collapse include dir [/usr/include/x86_64-linux-gnu] ==> [/usr/include/x86_64-linux-gnu]
  collapse include dir [/usr/include] ==> [/usr/include]
  implicit include dirs: [/usr/lib/gcc/x86_64-linux-gnu/10/finclude;/scratch/users/guermond/intel/oneapi/tbb/2021.2.0/include;/scratch/users/guermond/intel/oneapi/mkl/latest/include;/scratch/users/guermond/intel/oneapi/dpl/2021.2.0/linux/include;/scratch/users/guermond/intel/oneapi/dev-utilities/2021.2.0/include;/scratch/users/guermond/intel/oneapi/compiler/2021.2.0/linux/include;/usr/lib/gcc/x86_64-linux-gnu/10/include;/usr/local/include;/usr/include/x86_64-linux-gnu;/usr/include]


Parsed Fortran implicit link information from above output:
  link line regex: [^( *|.*[/\])(ld|CMAKE_LINK_STARTFILE-NOTFOUND|([^/\]+-)?ld|collect2)[^/\]*( |$)]
  ignore line: [Change Dir: /home/guermond/SFEMaNS/SMALL_SFEMaNS/BUILD/CMakeFiles/CMakeTmp]
  ignore line: []
  ignore line: [Run Build Command(s):/usr/bin/gmake cmTC_a4fe9/fast && /usr/bin/gmake  -f CMakeFiles/cmTC_a4fe9.dir/build.make CMakeFiles/cmTC_a4fe9.dir/build]
  ignore line: [gmake[1]: Entering directory '/home/guermond/SFEMaNS/SMALL_SFEMaNS/BUILD/CMakeFiles/CMakeTmp']
  ignore line: [Building Fortran object CMakeFiles/cmTC_a4fe9.dir/CMakeFortranCompilerABI.F.o]
  ignore line: [/usr/bin/f95   -v -c /usr/share/cmake-3.18/Modules/CMakeFortranCompilerABI.F -o CMakeFiles/cmTC_a4fe9.dir/CMakeFortranCompilerABI.F.o]
  ignore line: [Using built-in specs.]
  ignore line: [COLLECT_GCC=/usr/bin/f95]
  ignore line: [OFFLOAD_TARGET_NAMES=nvptx-none:amdgcn-amdhsa:hsa]
  ignore line: [OFFLOAD_TARGET_DEFAULT=1]
  ignore line: [Target: x86_64-linux-gnu]
  ignore line: [Configured with: ../src/configure -v --with-pkgversion='Debian 10.2.1-6' --with-bugurl=file:///usr/share/doc/gcc-10/README.Bugs --enable-languages=c ada c++ go brig d fortran objc obj-c++ m2 --prefix=/usr --with-gcc-major-version-only --program-suffix=-10 --program-prefix=x86_64-linux-gnu- --enable-shared --enable-linker-build-id --libexecdir=/usr/lib --without-included-gettext --enable-threads=posix --libdir=/usr/lib --enable-nls --enable-bootstrap --enable-clocale=gnu --enable-libstdcxx-debug --enable-libstdcxx-time=yes --with-default-libstdcxx-abi=new --enable-gnu-unique-object --disable-vtable-verify --enable-plugin --enable-default-pie --with-system-zlib --enable-libphobos-checking=release --with-target-system-zlib=auto --enable-objc-gc=auto --enable-multiarch --disable-werror --with-arch-32=i686 --with-abi=m64 --with-multilib-list=m32 m64 mx32 --enable-multilib --with-tune=generic --enable-offload-targets=nvptx-none=/build/gcc-10-Km9U7s/gcc-10-10.2.1/debian/tmp-nvptx/usr amdgcn-amdhsa=/build/gcc-10-Km9U7s/gcc-10-10.2.1/debian/tmp-gcn/usr hsa --without-cuda-driver --enable-checking=release --build=x86_64-linux-gnu --host=x86_64-linux-gnu --target=x86_64-linux-gnu --with-build-config=bootstrap-lto-lean --enable-link-mutex]
  ignore line: [Thread model: posix]
  ignore line: [Supported LTO compression algorithms: zlib zstd]
  ignore line: [gcc version 10.2.1 20210110 (Debian 10.2.1-6) ]
  ignore line: [COLLECT_GCC_OPTIONS='-v' '-c' '-o' 'CMakeFiles/cmTC_a4fe9.dir/CMakeFortranCompilerABI.F.o' '-mtune=generic' '-march=x86-64']
  ignore line: [ /usr/lib/gcc/x86_64-linux-gnu/10/f951 /usr/share/cmake-3.18/Modules/CMakeFortranCompilerABI.F -ffixed-form -cpp=/tmp/cc481quV.f90 -quiet -v -imultiarch x86_64-linux-gnu /usr/share/cmake-3.18/Modules/CMakeFortranCompilerABI.F -quiet -dumpbase CMakeFortranCompilerABI.F -mtune=generic -march=x86-64 -auxbase-strip CMakeFiles/cmTC_a4fe9.dir/CMakeFortranCompilerABI.F.o -version -fintrinsic-modules-path /usr/lib/gcc/x86_64-linux-gnu/10/finclude -fpre-include=/usr/include/finclude/x86_64-linux-gnu/math-vector-fortran.h -o /tmp/ccfLZFHZ.s]
  ignore line: [GNU Fortran (Debian 10.2.1-6) version 10.2.1 20210110 (x86_64-linux-gnu)]
  ignore line: [	compiled by GNU C version 10.2.1 20210110  GMP version 6.2.1  MPFR version 4.1.0  MPC version 1.2.0  isl version isl-0.23-GMP]
  ignore line: []
  ignore line: [GGC heuristics: --param ggc-min-expand=100 --param ggc-min-heapsize=131072]
  ignore line: [ignoring nonexistent directory "/usr/local/include/x86_64-linux-gnu"]
  ignore line: [ignoring nonexistent directory "/usr/lib/gcc/x86_64-linux-gnu/10/include-fixed"]
  ignore line: [ignoring nonexistent directory "/usr/lib/gcc/x86_64-linux-gnu/10/../../../../x86_64-linux-gnu/include"]
  ignore line: [#include "..." search starts here:]
  ignore line: [#include <...> search starts here:]
  ignore line: [ /usr/lib/gcc/x86_64-linux-gnu/10/finclude]
  ignore line: [ /scratch/users/guermond/intel/oneapi/tbb/2021.2.0/env/../include]
  ignore line: [ /scratch/users/guermond/intel/oneapi/mkl/latest/include]
  ignore line: [ /scratch/users/guermond/intel/oneapi/dpl/2021.2.0/linux/include]
  ignore line: [ /scratch/users/guermond/intel/oneapi/dev-utilities/2021.2.0/include]
  ignore line: [ /scratch/users/guermond/intel/oneapi/compiler/2021.2.0/linux/include]
  ignore line: [ /usr/lib/gcc/x86_64-linux-gnu/10/include]
  ignore line: [ /usr/local/include]
  ignore line: [ /usr/include/x86_64-linux-gnu]
  ignore line: [ /usr/include]
  ignore line: [End of search list.]
  ignore line: [GNU Fortran2008 (Debian 10.2.1-6) version 10.2.1 20210110 (x86_64-linux-gnu)]
  ignore line: [	compiled by GNU C version 10.2.1 20210110  GMP version 6.2.1  MPFR version 4.1.0  MPC version 1.2.0  isl version isl-0.23-GMP]
  ignore line: []
  ignore line: [GGC heuristics: --param ggc-min-expand=100 --param ggc-min-heapsize=131072]
  ignore line: [COLLECT_GCC_OPTIONS='-v' '-c' '-o' 'CMakeFiles/cmTC_a4fe9.dir/CMakeFortranCompilerABI.F.o' '-mtune=generic' '-march=x86-64']
  ignore line: [ as -v --64 -o CMakeFiles/cmTC_a4fe9.dir/CMakeFortranCompilerABI.F.o /tmp/ccfLZFHZ.s]
  ignore line: [GNU assembler version 2.35.2 (x86_64-linux-gnu) using BFD version (GNU Binutils for Debian) 2.35.2]
  ignore line: [COMPILER_PATH=/usr/lib/gcc/x86_64-linux-gnu/10/:/usr/lib/gcc/x86_64-linux-gnu/10/:/usr/lib/gcc/x86_64-linux-gnu/:/usr/lib/gcc/x86_64-linux-gnu/10/:/usr/lib/gcc/x86_64-linux-gnu/]
  ignore line: [LIBRARY_PATH=/scratch/users/guermond/intel/oneapi/compiler/2021.2.0/linux/lib/../lib/:/usr/lib/gcc/x86_64-linux-gnu/10/:/usr/lib/gcc/x86_64-linux-gnu/10/../../../x86_64-linux-gnu/:/usr/lib/gcc/x86_64-linux-gnu/10/../../../../lib/:/lib/x86_64-linux-gnu/:/lib/../lib/:/usr/lib/x86_64-linux-gnu/:/usr/lib/../lib/:/scratch/users/guermond/intel/oneapi/tbb/2021.2.0/env/../lib/intel64/gcc4.8/:/scratch/users/guermond/intel/oneapi/mkl/latest/lib/intel64/:/scratch/users/guermond/intel/oneapi/compiler/2021.2.0/linux/compiler/lib/intel64_lin/:/scratch/users/guermond/intel/oneapi/compiler/2021.2.0/linux/lib/:/usr/lib/gcc/x86_64-linux-gnu/10/../../../:/lib/:/usr/lib/]
  ignore line: [COLLECT_GCC_OPTIONS='-v' '-c' '-o' 'CMakeFiles/cmTC_a4fe9.dir/CMakeFortranCompilerABI.F.o' '-mtune=generic' '-march=x86-64']
  ignore line: [Linking Fortran executable cmTC_a4fe9]
  ignore line: [/usr/bin/cmake -E cmake_link_script CMakeFiles/cmTC_a4fe9.dir/link.txt --verbose=1]
  ignore line: [/usr/bin/f95  -v CMakeFiles/cmTC_a4fe9.dir/CMakeFortranCompilerABI.F.o -o cmTC_a4fe9 ]
  ignore line: [Driving: /usr/bin/f95 -v CMakeFiles/cmTC_a4fe9.dir/CMakeFortranCompilerABI.F.o -o cmTC_a4fe9 -l gfortran -l m -shared-libgcc]
  ignore line: [Using built-in specs.]
  ignore line: [COLLECT_GCC=/usr/bin/f95]
  ignore line: [COLLECT_LTO_WRAPPER=/usr/lib/gcc/x86_64-linux-gnu/10/lto-wrapper]
  ignore line: [OFFLOAD_TARGET_NAMES=nvptx-none:amdgcn-amdhsa:hsa]
  ignore line: [OFFLOAD_TARGET_DEFAULT=1]
  ignore line: [Target: x86_64-linux-gnu]
  ignore line: [Configured with: ../src/configure -v --with-pkgversion='Debian 10.2.1-6' --with-bugurl=file:///usr/share/doc/gcc-10/README.Bugs --enable-languages=c ada c++ go brig d fortran objc obj-c++ m2 --prefix=/usr --with-gcc-major-version-only --program-suffix=-10 --program-prefix=x86_64-linux-gnu- --enable-shared --enable-linker-build-id --libexecdir=/usr/lib --without-included-gettext --enable-threads=posix --libdir=/usr/lib --enable-nls --enable-bootstrap --enable-clocale=gnu --enable-libstdcxx-debug --enable-libstdcxx-time=yes --with-default-libstdcxx-abi=new --enable-gnu-unique-object --disable-vtable-verify --enable-plugin --enable-default-pie --with-system-zlib --enable-libphobos-checking=release --with-target-system-zlib=auto --enable-objc-gc=auto --enable-multiarch --disable-werror --with-arch-32=i686 --with-abi=m64 --with-multilib-list=m32 m64 mx32 --enable-multilib --with-tune=generic --enable-offload-targets=nvptx-none=/build/gcc-10-Km9U7s/gcc-10-10.2.1/debian/tmp-nvptx/usr amdgcn-amdhsa=/build/gcc-10-Km9U7s/gcc-10-10.2.1/debian/tmp-gcn/usr hsa --without-cuda-driver --enable-checking=release --build=x86_64-linux-gnu --host=x86_64-linux-gnu --target=x86_64-linux-gnu --with-build-config=bootstrap-lto-lean --enable-link-mutex]
  ignore line: [Thread model: posix]
  ignore line: [Supported LTO compression algorithms: zlib zstd]
  ignore line: [gcc version 10.2.1 20210110 (Debian 10.2.1-6) ]
  ignore line: [Reading specs from /usr/lib/gcc/x86_64-linux-gnu/10/libgfortran.spec]
  ignore line: [rename spec lib to liborig]
  ignore line: [COLLECT_GCC_OPTIONS='-v' '-o' 'cmTC_a4fe9' '-shared-libgcc' '-mtune=generic' '-march=x86-64']
  ignore line: [COMPILER_PATH=/usr/lib/gcc/x86_64-linux-gnu/10/:/usr/lib/gcc/x86_64-linux-gnu/10/:/usr/lib/gcc/x86_64-linux-gnu/:/usr/lib/gcc/x86_64-linux-gnu/10/:/usr/lib/gcc/x86_64-linux-gnu/]
  ignore line: [LIBRARY_PATH=/scratch/users/guermond/intel/oneapi/compiler/2021.2.0/linux/lib/../lib/:/usr/lib/gcc/x86_64-linux-gnu/10/:/usr/lib/gcc/x86_64-linux-gnu/10/../../../x86_64-linux-gnu/:/usr/lib/gcc/x86_64-linux-gnu/10/../../../../lib/:/lib/x86_64-linux-gnu/:/lib/../lib/:/usr/lib/x86_64-linux-gnu/:/usr/lib/../lib/:/scratch/users/guermond/intel/oneapi/tbb/2021.2.0/env/../lib/intel64/gcc4.8/:/scratch/users/guermond/intel/oneapi/mkl/latest/lib/intel64/:/scratch/users/guermond/intel/oneapi/compiler/2021.2.0/linux/compiler/lib/intel64_lin/:/scratch/users/guermond/intel/oneapi/compiler/2021.2.0/linux/lib/:/usr/lib/gcc/x86_64-linux-gnu/10/../../../:/lib/:/usr/lib/]
  ignore line: [COLLECT_GCC_OPTIONS='-v' '-o' 'cmTC_a4fe9' '-shared-libgcc' '-mtune=generic' '-march=x86-64']
  link line: [ /usr/lib/gcc/x86_64-linux-gnu/10/collect2 -plugin /usr/lib/gcc/x86_64-linux-gnu/10/liblto_plugin.so -plugin-opt=/usr/lib/gcc/x86_64-linux-gnu/10/lto-wrapper -plugin-opt=-fresolution=/tmp/ccoV8fqr.res -plugin-opt=-pass-through=-lgcc_s -plugin-opt=-pass-through=-lgcc -plugin-opt=-pass-through=-lquadmath -plugin-opt=-pass-through=-lm -plugin-opt=-pass-through=-lgcc_s -plugin-opt=-pass-through=-lgcc -plugin-opt=-pass-through=-lc -plugin-opt=-pass-through=-lgcc_s -plugin-opt=-pass-through=-lgcc --build-id --eh-frame-hdr -m elf_x86_64 --hash-style=gnu --as-needed -dynamic-linker /lib64/ld-linux-x86-64.so.2 -pie -o cmTC_a4fe9 /usr/lib/gcc/x86_64-linux-gnu/10/../../../x86_64-linux-gnu/Scrt1.o /usr/lib/gcc/x86_64-linux-gnu/10/../../../x86_64-linux-gnu/crti.o /usr/lib/gcc/x86_64-linux-gnu/10/crtbeginS.o -L/scratch/users/guermond/intel/oneapi/compiler/2021.2.0/linux/lib/../lib -L/usr/lib/gcc/x86_64-linux-gnu/10 -L/usr/lib/gcc/x86_64-linux-gnu/10/../../../x86_64-linux-gnu -L/usr/lib/gcc/x86_64-linux-gnu/10/../../../../lib -L/lib/x86_64-linux-gnu -L/lib/../lib -L/usr/lib/x86_64-linux-gnu -L/usr/lib/../lib -L/scratch/users/guermond/intel/oneapi/tbb/2021.2.0/env/../lib/intel64/gcc4.8 -L/scratch/users/guermond/intel/oneapi/mkl/latest/lib/intel64 -L/scratch/users/guermond/intel/oneapi/compiler/2021.2.0/linux/compiler/lib/intel64_lin -L/scratch/users/guermond/intel/oneapi/compiler/2021.2.0/linux/lib -L/usr/lib/gcc/x86_64-linux-gnu/10/../../.. CMakeFiles/cmTC_a4fe9.dir/CMakeFortranCompilerABI.F.o -lgfortran -lm -lgcc_s -lgcc -lquadmath -lm -lgcc_s -lgcc -lc -lgcc_s -lgcc /usr/lib/gcc/x86_64-linux-gnu/10/crtendS.o /usr/lib/gcc/x86_64-linux-gnu/10/../../../x86_64-linux-gnu/crtn.o]
    arg [/usr/lib/gcc/x86_64-linux-gnu/10/collect2] ==> ignore
    arg [-plugin] ==> ignore
    arg [/usr/lib/gcc/x86_64-linux-gnu/10/liblto_plugin.so] ==> ignore
    arg [-plugin-opt=/usr/lib/gcc/x86_64-linux-gnu/10/lto-wrapper] ==> ignore
    arg [-plugin-opt=-fresolution=/tmp/ccoV8fqr.res] ==> ignore
    arg [-plugin-opt=-pass-through=-lgcc_s] ==> ignore
    arg [-plugin-opt=-pass-through=-lgcc] ==> ignore
    arg [-plugin-opt=-pass-through=-lquadmath] ==> ignore
    arg [-plugin-opt=-pass-through=-lm] ==> ignore
    arg [-plugin-opt=-pass-through=-lgcc_s] ==> ignore
    arg [-plugin-opt=-pass-through=-lgcc] ==> ignore
    arg [-plugin-opt=-pass-through=-lc] ==> ignore
    arg [-plugin-opt=-pass-through=-lgcc_s] ==> ignore
    arg [-plugin-opt=-pass-through=-lgcc] ==> ignore
    arg [--build-id] ==> ignore
    arg [--eh-frame-hdr] ==> ignore
    arg [-m] ==> ignore
    arg [elf_x86_64] ==> ignore
    arg [--hash-style=gnu] ==> ignore
    arg [--as-needed] ==> ignore
    arg [-dynamic-linker] ==> ignore
    arg [/lib64/ld-linux-x86-64.so.2] ==> ignore
    arg [-pie] ==> ignore
    arg [-o] ==> ignore
    arg [cmTC_a4fe9] ==> ignore
    arg [/usr/lib/gcc/x86_64-linux-gnu/10/../../../x86_64-linux-gnu/Scrt1.o] ==> ignore
    arg [/usr/lib/gcc/x86_64-linux-gnu/10/../../../x86_64-linux-gnu/crti.o] ==> ignore
    arg [/usr/lib/gcc/x86_64-linux-gnu/10/crtbeginS.o] ==> ignore
    arg [-L/scratch/users/guermond/intel/oneapi/compiler/2021.2.0/linux/lib/../lib] ==> dir [/scratch/users/guermond/intel/oneapi/compiler/2021.2.0/linux/lib/../lib]
    arg [-L/usr/lib/gcc/x86_64-linux-gnu/10] ==> dir [/usr/lib/gcc/x86_64-linux-gnu/10]
    arg [-L/usr/lib/gcc/x86_64-linux-gnu/10/../../../x86_64-linux-gnu] ==> dir [/usr/lib/gcc/x86_64-linux-gnu/10/../../../x86_64-linux-gnu]
    arg [-L/usr/lib/gcc/x86_64-linux-gnu/10/../../../../lib] ==> dir [/usr/lib/gcc/x86_64-linux-gnu/10/../../../../lib]
    arg [-L/lib/x86_64-linux-gnu] ==> dir [/lib/x86_64-linux-gnu]
    arg [-L/lib/../lib] ==> dir [/lib/../lib]
    arg [-L/usr/lib/x86_64-linux-gnu] ==> dir [/usr/lib/x86_64-linux-gnu]
    arg [-L/usr/lib/../lib] ==> dir [/usr/lib/../lib]
    arg [-L/scratch/users/guermond/intel/oneapi/tbb/2021.2.0/env/../lib/intel64/gcc4.8] ==> dir [/scratch/users/guermond/intel/oneapi/tbb/2021.2.0/env/../lib/intel64/gcc4.8]
    arg [-L/scratch/users/guermond/intel/oneapi/mkl/latest/lib/intel64] ==> dir [/scratch/users/guermond/intel/oneapi/mkl/latest/lib/intel64]
    arg [-L/scratch/users/guermond/intel/oneapi/compiler/2021.2.0/linux/compiler/lib/intel64_lin] ==> dir [/scratch/users/guermond/intel/oneapi/compiler/2021.2.0/linux/compiler/lib/intel64_lin]
    arg [-L/scratch/users/guermond/intel/oneapi/compiler/2021.2.0/linux/lib] ==> dir [/scratch/users/guermond/intel/oneapi/compiler/2021.2.0/linux/lib]
    arg [-L/usr/lib/gcc/x86_64-linux-gnu/10/../../..] ==> dir [/usr/lib/gcc/x86_64-linux-gnu/10/../../..]
    arg [CMakeFiles/cmTC_a4fe9.dir/CMakeFortranCompilerABI.F.o] ==> ignore
    arg [-lgfortran] ==> lib [gfortran]
    arg [-lm] ==> lib [m]
    arg [-lgcc_s] ==> lib [gcc_s]
    arg [-lgcc] ==> lib [gcc]
    arg [-lquadmath] ==> lib [quadmath]
    arg [-lm] ==> lib [m]
    arg [-lgcc_s] ==> lib [gcc_s]
    arg [-lgcc] ==> lib [gcc]
    arg [-lc] ==> lib [c]
    arg [-lgcc_s] ==> lib [gcc_s]
    arg [-lgcc] ==> lib [gcc]
    arg [/usr/lib/gcc/x86_64-linux-gnu/10/crtendS.o] ==> ignore
    arg [/usr/lib/gcc/x86_64-linux-gnu/10/../../../x86_64-linux-gnu/crtn.o] ==> ignore
  collapse library dir [/scratch/users/guermond/intel/oneapi/compiler/2021.2.0/linux/lib/../lib] ==> [/scratch/users/guermond/intel/oneapi/compiler/2021.2.0/linux/lib]
  collapse library dir [/usr/lib/gcc/x86_64-linux-gnu/10] ==> [/usr/lib/gcc/x86_64-linux-gnu/10]
  collapse library dir [/usr/lib/gcc/x86_64-linux-gnu/10/../../../x86_64-linux-gnu] ==> [/usr/lib/x86_64-linux-gnu]
  collapse library dir [/usr/lib/gcc/x86_64-linux-gnu/10/../../../../lib] ==> [/usr/lib]
  collapse library dir [/lib/x86_64-linux-gnu] ==> [/lib/x86_64-linux-gnu]
  collapse library dir [/lib/../lib] ==> [/lib]
  collapse library dir [/usr/lib/x86_64-linux-gnu] ==> [/usr/lib/x86_64-linux-gnu]
  collapse library dir [/usr/lib/../lib] ==> [/usr/lib]
  collapse library dir [/scratch/users/guermond/intel/oneapi/tbb/2021.2.0/env/../lib/intel64/gcc4.8] ==> [/scratch/users/guermond/intel/oneapi/tbb/2021.2.0/lib/intel64/gcc4.8]
  collapse library dir [/scratch/users/guermond/intel/oneapi/mkl/latest/lib/intel64] ==> [/scratch/users/guermond/intel/oneapi/mkl/latest/lib/intel64]
  collapse library dir [/scratch/users/guermond/intel/oneapi/compiler/2021.2.0/linux/compiler/lib/intel64_lin] ==> [/scratch/users/guermond/intel/oneapi/compiler/2021.2.0/linux/compiler/lib/intel64_lin]
  collapse library dir [/scratch/users/guermond/intel/oneapi/compiler/2021.2.0/linux/lib] ==> [/scratch/users/guermond/intel/oneapi/compiler/2021.2.0/linux/lib]
  collapse library dir [/usr/lib/gcc/x86_64-linux-gnu/10/../../..] ==> [/usr/lib]
  implicit libs: [gfortran;m;gcc_s;gcc;quadmath;m;gcc_s;gcc;c;gcc_s;gcc]
  implicit dirs: [/scratch/users/guermond/intel/oneapi/compiler/2021.2.0/linux/lib;/usr/lib/gcc/x86_64-linux-gnu/10;/usr/lib/x86_64-linux-gnu;/usr/lib;/lib/x86_64-linux-gnu;/lib;/scratch/users/guermond/intel/oneapi/tbb/2021.2.0/lib/intel64/gcc4.8;/scratch/users/guermond/intel/oneapi/mkl/latest/lib/intel64;/scratch/users/guermond/intel/oneapi/compiler/2021.2.0/linux/compiler/lib/intel64_lin]
  implicit fwks: []


Determining if the Fortran compiler supports Fortran 90 passed with the following output:
Change Dir: /home/guermond/SFEMaNS/SMALL_SFEMaNS/BUILD/CMakeFiles/CMakeTmp

Run Build Command(s):/usr/bin/gmake cmTC_b6173/fast && /usr/bin/gmake  -f CMakeFiles/cmTC_b6173.dir/build.make CMakeFiles/cmTC_b6173.dir/build
gmake[1]: Entering directory '/home/guermond/SFEMaNS/SMALL_SFEMaNS/BUILD/CMakeFiles/CMakeTmp'
Building Fortran object CMakeFiles/cmTC_b6173.dir/testFortranCompilerF90.f90.o
/usr/bin/f95    -c /home/guermond/SFEMaNS/SMALL_SFEMaNS/BUILD/CMakeFiles/CMakeTmp/testFortranCompilerF90.f90 -o CMakeFiles/cmTC_b6173.dir/testFortranCompilerF90.f90.o
Linking Fortran executable cmTC_b6173
/usr/bin/cmake -E cmake_link_script CMakeFiles/cmTC_b6173.dir/link.txt --verbose=1
/usr/bin/f95 CMakeFiles/cmTC_b6173.dir/testFortranCompilerF90.f90.o -o cmTC_b6173 
gmake[1]: Leaving directory '/home/guermond/SFEMaNS/SMALL_SFEMaNS/BUILD/CMakeFiles/CMakeTmp'



